2017-09-08 15:57:40,001 - Starting SellApplication on DESKTOP-PU1H1F5 with PID 7976 (D:\java\sell\target\classes started by 李金香 in D:\java\sell)
2017-09-08 15:57:40,038 - No active profile set, falling back to default profiles: default
2017-09-08 15:57:40,394 - Refreshing org.springframework.boot.context.embedded.AnnotationConfigEmbeddedWebApplicationContext@6ef888f6: startup date [Fri Sep 08 15:57:40 CST 2017]; root of context hierarchy
2017-09-08 15:57:41,890 - HV000001: Hibernate Validator 5.3.5.Final
2017-09-08 15:57:57,241 - Tomcat initialized with port(s): 8080 (http)
2017-09-08 15:57:57,279 - Starting service [Tomcat]
2017-09-08 15:57:57,288 - Starting Servlet Engine: Apache Tomcat/8.5.16
2017-09-08 15:57:57,601 - Initializing Spring embedded WebApplicationContext
2017-09-08 15:57:57,601 - Root WebApplicationContext: initialization completed in 17207 ms
2017-09-08 15:57:57,772 - Mapping servlet: 'dispatcherServlet' to [/]
2017-09-08 15:57:57,779 - Mapping filter: 'characterEncodingFilter' to: [/*]
2017-09-08 15:57:57,779 - Mapping filter: 'hiddenHttpMethodFilter' to: [/*]
2017-09-08 15:57:57,779 - Mapping filter: 'httpPutFormContentFilter' to: [/*]
2017-09-08 15:57:57,779 - Mapping filter: 'requestContextFilter' to: [/*]
2017-09-08 15:57:59,492 - Building JPA container EntityManagerFactory for persistence unit 'default'
2017-09-08 15:57:59,613 - HHH000204: Processing PersistenceUnitInfo [
	name: default
	...]
2017-09-08 15:58:00,708 - HHH000412: Hibernate Core {5.0.12.Final}
2017-09-08 15:58:00,709 - HHH000206: hibernate.properties not found
2017-09-08 15:58:00,710 - HHH000021: Bytecode provider name : javassist
2017-09-08 15:58:01,239 - HCANN000001: Hibernate Commons Annotations {5.0.1.Final}
2017-09-08 15:58:03,080 - HHH000400: Using dialect: org.hibernate.dialect.MySQL5Dialect
2017-09-08 15:58:05,222 - Initialized JPA EntityManagerFactory for persistence unit 'default'
2017-09-08 15:58:07,340 - Looking for @ControllerAdvice: org.springframework.boot.context.embedded.AnnotationConfigEmbeddedWebApplicationContext@6ef888f6: startup date [Fri Sep 08 15:57:40 CST 2017]; root of context hierarchy
2017-09-08 15:58:07,552 - Mapped "{[/buyer/order/create],methods=[POST]}" onto public com.imooc.vo.ResultVO<java.util.Map<java.lang.String, java.lang.String>> com.imooc.controller.BuyerOrderController.create(com.imooc.form.OrderForm,org.springframework.validation.BindingResult)
2017-09-08 15:58:07,552 - Mapped "{[/buyer/order/list],methods=[GET]}" onto public com.imooc.vo.ResultVO<java.util.List<com.imooc.dto.OrderDTO>> com.imooc.controller.BuyerOrderController.list(java.lang.String,java.lang.Integer,java.lang.Integer)
2017-09-08 15:58:07,553 - Mapped "{[/buyer/order/detail],methods=[GET]}" onto public com.imooc.vo.ResultVO<com.imooc.dto.OrderDTO> com.imooc.controller.BuyerOrderController.detail(java.lang.String,java.lang.String)
2017-09-08 15:58:07,553 - Mapped "{[/buyer/order/cancel],methods=[POST]}" onto public com.imooc.vo.ResultVO<com.imooc.dto.OrderDTO> com.imooc.controller.BuyerOrderController.cancel(java.lang.String,java.lang.String)
2017-09-08 15:58:07,553 - Mapped "{[/buyer/product/list],methods=[GET]}" onto public com.imooc.vo.ResultVO<java.util.List<com.imooc.vo.ProductVO>> com.imooc.controller.BuyerProductController.list()
2017-09-08 15:58:07,555 - Mapped "{[/error]}" onto public org.springframework.http.ResponseEntity<java.util.Map<java.lang.String, java.lang.Object>> org.springframework.boot.autoconfigure.web.BasicErrorController.error(javax.servlet.http.HttpServletRequest)
2017-09-08 15:58:07,555 - Mapped "{[/error],produces=[text/html]}" onto public org.springframework.web.servlet.ModelAndView org.springframework.boot.autoconfigure.web.BasicErrorController.errorHtml(javax.servlet.http.HttpServletRequest,javax.servlet.http.HttpServletResponse)
2017-09-08 15:58:07,582 - Mapped URL path [/webjars/**] onto handler of type [class org.springframework.web.servlet.resource.ResourceHttpRequestHandler]
2017-09-08 15:58:07,582 - Mapped URL path [/**] onto handler of type [class org.springframework.web.servlet.resource.ResourceHttpRequestHandler]
2017-09-08 15:58:07,636 - Mapped URL path [/**/favicon.ico] onto handler of type [class org.springframework.web.servlet.resource.ResourceHttpRequestHandler]
2017-09-08 15:58:08,521 - Registering beans for JMX exposure on startup
2017-09-08 15:58:08,588 - Initializing ProtocolHandler ["http-nio-8080"]
2017-09-08 15:58:08,675 - Starting ProtocolHandler ["http-nio-8080"]
2017-09-08 15:58:09,386 - Using a shared selector for servlet write/read
2017-09-08 15:58:09,468 - Tomcat started on port(s): 8080 (http)
2017-09-08 15:58:09,512 - Started SellApplication in 32.579 seconds (JVM running for 34.606)
2017-09-08 15:58:35,922 - Initializing Spring FrameworkServlet 'dispatcherServlet'
2017-09-08 15:58:35,922 - FrameworkServlet 'dispatcherServlet': initialization started
2017-09-08 15:58:35,948 - FrameworkServlet 'dispatcherServlet': initialization completed in 26 ms
2017-09-08 15:59:11,786 - HHH000397: Using ASTQueryTranslatorFactory
