2017-09-14 14:21:49,015 - Starting SellApplication on DESKTOP-PU1H1F5 with PID 6992 (D:\java\sell\target\classes started by 李金香 in D:\java\sell)
2017-09-14 14:21:49,017 - No active profile set, falling back to default profiles: default
2017-09-14 14:21:49,181 - Refreshing org.springframework.boot.context.embedded.AnnotationConfigEmbeddedWebApplicationContext@2473d930: startup date [Thu Sep 14 14:21:49 CST 2017]; root of context hierarchy
2017-09-14 14:21:49,862 - HV000001: Hibernate Validator 5.3.5.Final
2017-09-14 14:21:53,369 - Tomcat initialized with port(s): 8080 (http)
2017-09-14 14:21:53,380 - Starting service [Tomcat]
2017-09-14 14:21:53,382 - Starting Servlet Engine: Apache Tomcat/8.5.16
2017-09-14 14:21:53,997 - Initializing Spring embedded WebApplicationContext
2017-09-14 14:21:53,997 - Root WebApplicationContext: initialization completed in 4816 ms
2017-09-14 14:21:54,146 - Mapping servlet: 'dispatcherServlet' to [/]
2017-09-14 14:21:54,150 - Mapping filter: 'characterEncodingFilter' to: [/*]
2017-09-14 14:21:54,151 - Mapping filter: 'hiddenHttpMethodFilter' to: [/*]
2017-09-14 14:21:54,151 - Mapping filter: 'httpPutFormContentFilter' to: [/*]
2017-09-14 14:21:54,151 - Mapping filter: 'requestContextFilter' to: [/*]
2017-09-14 14:22:16,093 - Unable to determine jdbc url from datasource
org.springframework.jdbc.support.MetaDataAccessException: Could not get Connection for extracting meta data; nested exception is org.springframework.jdbc.CannotGetJdbcConnectionException: Could not get JDBC Connection; nested exception is com.mysql.jdbc.exceptions.jdbc4.CommunicationsException: Communications link failure

The last packet sent successfully to the server was 0 milliseconds ago. The driver has not received any packets from the server.
	at org.springframework.jdbc.support.JdbcUtils.extractDatabaseMetaData(JdbcUtils.java:339)
	at org.springframework.jdbc.support.JdbcUtils.extractDatabaseMetaData(JdbcUtils.java:366)
	at org.springframework.boot.autoconfigure.orm.jpa.DatabaseLookup.getDatabase(DatabaseLookup.java:72)
	at org.springframework.boot.autoconfigure.orm.jpa.JpaProperties.determineDatabase(JpaProperties.java:139)
	at org.springframework.boot.autoconfigure.orm.jpa.JpaBaseConfiguration.jpaVendorAdapter(JpaBaseConfiguration.java:105)
	at org.springframework.boot.autoconfigure.orm.jpa.HibernateJpaAutoConfiguration$$EnhancerBySpringCGLIB$$d2ca28b1.CGLIB$jpaVendorAdapter$6(<generated>)
	at org.springframework.boot.autoconfigure.orm.jpa.HibernateJpaAutoConfiguration$$EnhancerBySpringCGLIB$$d2ca28b1$$FastClassBySpringCGLIB$$99ea4f3f.invoke(<generated>)
	at org.springframework.cglib.proxy.MethodProxy.invokeSuper(MethodProxy.java:228)
	at org.springframework.context.annotation.ConfigurationClassEnhancer$BeanMethodInterceptor.intercept(ConfigurationClassEnhancer.java:358)
	at org.springframework.boot.autoconfigure.orm.jpa.HibernateJpaAutoConfiguration$$EnhancerBySpringCGLIB$$d2ca28b1.jpaVendorAdapter(<generated>)
	at sun.reflect.NativeMethodAccessorImpl.invoke0(Native Method)
	at sun.reflect.NativeMethodAccessorImpl.invoke(NativeMethodAccessorImpl.java:62)
	at sun.reflect.DelegatingMethodAccessorImpl.invoke(DelegatingMethodAccessorImpl.java:43)
	at java.lang.reflect.Method.invoke(Method.java:498)
	at org.springframework.beans.factory.support.SimpleInstantiationStrategy.instantiate(SimpleInstantiationStrategy.java:162)
	at org.springframework.beans.factory.support.ConstructorResolver.instantiateUsingFactoryMethod(ConstructorResolver.java:588)
	at org.springframework.beans.factory.support.AbstractAutowireCapableBeanFactory.instantiateUsingFactoryMethod(AbstractAutowireCapableBeanFactory.java:1173)
	at org.springframework.beans.factory.support.AbstractAutowireCapableBeanFactory.createBeanInstance(AbstractAutowireCapableBeanFactory.java:1067)
	at org.springframework.beans.factory.support.AbstractAutowireCapableBeanFactory.doCreateBean(AbstractAutowireCapableBeanFactory.java:513)
	at org.springframework.beans.factory.support.AbstractAutowireCapableBeanFactory.createBean(AbstractAutowireCapableBeanFactory.java:483)
	at org.springframework.beans.factory.support.AbstractBeanFactory$1.getObject(AbstractBeanFactory.java:306)
	at org.springframework.beans.factory.support.DefaultSingletonBeanRegistry.getSingleton(DefaultSingletonBeanRegistry.java:230)
	at org.springframework.beans.factory.support.AbstractBeanFactory.doGetBean(AbstractBeanFactory.java:302)
	at org.springframework.beans.factory.support.AbstractBeanFactory.getBean(AbstractBeanFactory.java:202)
	at org.springframework.beans.factory.config.DependencyDescriptor.resolveCandidate(DependencyDescriptor.java:208)
	at org.springframework.beans.factory.support.DefaultListableBeanFactory.doResolveDependency(DefaultListableBeanFactory.java:1138)
	at org.springframework.beans.factory.support.DefaultListableBeanFactory.resolveDependency(DefaultListableBeanFactory.java:1066)
	at org.springframework.beans.factory.support.ConstructorResolver.resolveAutowiredArgument(ConstructorResolver.java:835)
	at org.springframework.beans.factory.support.ConstructorResolver.createArgumentArray(ConstructorResolver.java:741)
	at org.springframework.beans.factory.support.ConstructorResolver.instantiateUsingFactoryMethod(ConstructorResolver.java:467)
	at org.springframework.beans.factory.support.AbstractAutowireCapableBeanFactory.instantiateUsingFactoryMethod(AbstractAutowireCapableBeanFactory.java:1173)
	at org.springframework.beans.factory.support.AbstractAutowireCapableBeanFactory.createBeanInstance(AbstractAutowireCapableBeanFactory.java:1067)
	at org.springframework.beans.factory.support.AbstractAutowireCapableBeanFactory.doCreateBean(AbstractAutowireCapableBeanFactory.java:513)
	at org.springframework.beans.factory.support.AbstractAutowireCapableBeanFactory.createBean(AbstractAutowireCapableBeanFactory.java:483)
	at org.springframework.beans.factory.support.AbstractBeanFactory$1.getObject(AbstractBeanFactory.java:306)
	at org.springframework.beans.factory.support.DefaultSingletonBeanRegistry.getSingleton(DefaultSingletonBeanRegistry.java:230)
	at org.springframework.beans.factory.support.AbstractBeanFactory.doGetBean(AbstractBeanFactory.java:302)
	at org.springframework.beans.factory.support.AbstractBeanFactory.getBean(AbstractBeanFactory.java:202)
	at org.springframework.beans.factory.config.DependencyDescriptor.resolveCandidate(DependencyDescriptor.java:208)
	at org.springframework.beans.factory.support.DefaultListableBeanFactory.doResolveDependency(DefaultListableBeanFactory.java:1138)
	at org.springframework.beans.factory.support.DefaultListableBeanFactory.resolveDependency(DefaultListableBeanFactory.java:1066)
	at org.springframework.beans.factory.support.ConstructorResolver.resolveAutowiredArgument(ConstructorResolver.java:835)
	at org.springframework.beans.factory.support.ConstructorResolver.createArgumentArray(ConstructorResolver.java:741)
	at org.springframework.beans.factory.support.ConstructorResolver.instantiateUsingFactoryMethod(ConstructorResolver.java:467)
	at org.springframework.beans.factory.support.AbstractAutowireCapableBeanFactory.instantiateUsingFactoryMethod(AbstractAutowireCapableBeanFactory.java:1173)
	at org.springframework.beans.factory.support.AbstractAutowireCapableBeanFactory.createBeanInstance(AbstractAutowireCapableBeanFactory.java:1067)
	at org.springframework.beans.factory.support.AbstractAutowireCapableBeanFactory.doCreateBean(AbstractAutowireCapableBeanFactory.java:513)
	at org.springframework.beans.factory.support.AbstractAutowireCapableBeanFactory.createBean(AbstractAutowireCapableBeanFactory.java:483)
	at org.springframework.beans.factory.support.AbstractBeanFactory$1.getObject(AbstractBeanFactory.java:306)
	at org.springframework.beans.factory.support.DefaultSingletonBeanRegistry.getSingleton(DefaultSingletonBeanRegistry.java:230)
	at org.springframework.beans.factory.support.AbstractBeanFactory.doGetBean(AbstractBeanFactory.java:302)
	at org.springframework.beans.factory.support.AbstractBeanFactory.getBean(AbstractBeanFactory.java:197)
	at org.springframework.context.support.AbstractApplicationContext.getBean(AbstractApplicationContext.java:1078)
	at org.springframework.context.support.AbstractApplicationContext.finishBeanFactoryInitialization(AbstractApplicationContext.java:857)
	at org.springframework.context.support.AbstractApplicationContext.refresh(AbstractApplicationContext.java:543)
	at org.springframework.boot.context.embedded.EmbeddedWebApplicationContext.refresh(EmbeddedWebApplicationContext.java:122)
	at org.springframework.boot.SpringApplication.refresh(SpringApplication.java:693)
	at org.springframework.boot.SpringApplication.refreshContext(SpringApplication.java:360)
	at org.springframework.boot.SpringApplication.run(SpringApplication.java:303)
	at org.springframework.boot.SpringApplication.run(SpringApplication.java:1118)
	at org.springframework.boot.SpringApplication.run(SpringApplication.java:1107)
	at com.imooc.SellApplication.main(SellApplication.java:10)
Caused by: org.springframework.jdbc.CannotGetJdbcConnectionException: Could not get JDBC Connection; nested exception is com.mysql.jdbc.exceptions.jdbc4.CommunicationsException: Communications link failure

The last packet sent successfully to the server was 0 milliseconds ago. The driver has not received any packets from the server.
	at org.springframework.jdbc.datasource.DataSourceUtils.getConnection(DataSourceUtils.java:80)
	at org.springframework.jdbc.support.JdbcUtils.extractDatabaseMetaData(JdbcUtils.java:326)
	... 61 common frames omitted
Caused by: com.mysql.jdbc.exceptions.jdbc4.CommunicationsException: Communications link failure

The last packet sent successfully to the server was 0 milliseconds ago. The driver has not received any packets from the server.
	at sun.reflect.NativeConstructorAccessorImpl.newInstance0(Native Method)
	at sun.reflect.NativeConstructorAccessorImpl.newInstance(NativeConstructorAccessorImpl.java:62)
	at sun.reflect.DelegatingConstructorAccessorImpl.newInstance(DelegatingConstructorAccessorImpl.java:45)
	at java.lang.reflect.Constructor.newInstance(Constructor.java:423)
	at com.mysql.jdbc.Util.handleNewInstance(Util.java:425)
	at com.mysql.jdbc.SQLError.createCommunicationsException(SQLError.java:989)
	at com.mysql.jdbc.MysqlIO.<init>(MysqlIO.java:341)
	at com.mysql.jdbc.ConnectionImpl.coreConnect(ConnectionImpl.java:2196)
	at com.mysql.jdbc.ConnectionImpl.connectOneTryOnly(ConnectionImpl.java:2229)
	at com.mysql.jdbc.ConnectionImpl.createNewIO(ConnectionImpl.java:2024)
	at com.mysql.jdbc.ConnectionImpl.<init>(ConnectionImpl.java:779)
	at com.mysql.jdbc.JDBC4Connection.<init>(JDBC4Connection.java:47)
	at sun.reflect.NativeConstructorAccessorImpl.newInstance0(Native Method)
	at sun.reflect.NativeConstructorAccessorImpl.newInstance(NativeConstructorAccessorImpl.java:62)
	at sun.reflect.DelegatingConstructorAccessorImpl.newInstance(DelegatingConstructorAccessorImpl.java:45)
	at java.lang.reflect.Constructor.newInstance(Constructor.java:423)
	at com.mysql.jdbc.Util.handleNewInstance(Util.java:425)
	at com.mysql.jdbc.ConnectionImpl.getInstance(ConnectionImpl.java:389)
	at com.mysql.jdbc.NonRegisteringDriver.connect(NonRegisteringDriver.java:330)
	at org.apache.tomcat.jdbc.pool.PooledConnection.connectUsingDriver(PooledConnection.java:310)
	at org.apache.tomcat.jdbc.pool.PooledConnection.connect(PooledConnection.java:203)
	at org.apache.tomcat.jdbc.pool.ConnectionPool.createConnection(ConnectionPool.java:735)
	at org.apache.tomcat.jdbc.pool.ConnectionPool.borrowConnection(ConnectionPool.java:667)
	at org.apache.tomcat.jdbc.pool.ConnectionPool.init(ConnectionPool.java:482)
	at org.apache.tomcat.jdbc.pool.ConnectionPool.<init>(ConnectionPool.java:154)
	at org.apache.tomcat.jdbc.pool.DataSourceProxy.pCreatePool(DataSourceProxy.java:118)
	at org.apache.tomcat.jdbc.pool.DataSourceProxy.createPool(DataSourceProxy.java:107)
	at org.apache.tomcat.jdbc.pool.DataSourceProxy.getConnection(DataSourceProxy.java:131)
	at org.springframework.jdbc.datasource.DataSourceUtils.doGetConnection(DataSourceUtils.java:111)
	at org.springframework.jdbc.datasource.DataSourceUtils.getConnection(DataSourceUtils.java:77)
	... 62 common frames omitted
Caused by: java.net.ConnectException: Connection timed out: connect
	at java.net.DualStackPlainSocketImpl.connect0(Native Method)
	at java.net.DualStackPlainSocketImpl.socketConnect(DualStackPlainSocketImpl.java:79)
	at java.net.AbstractPlainSocketImpl.doConnect(AbstractPlainSocketImpl.java:350)
	at java.net.AbstractPlainSocketImpl.connectToAddress(AbstractPlainSocketImpl.java:206)
	at java.net.AbstractPlainSocketImpl.connect(AbstractPlainSocketImpl.java:188)
	at java.net.PlainSocketImpl.connect(PlainSocketImpl.java:172)
	at java.net.SocksSocketImpl.connect(SocksSocketImpl.java:392)
	at java.net.Socket.connect(Socket.java:589)
	at com.mysql.jdbc.StandardSocketFactory.connect(StandardSocketFactory.java:211)
	at com.mysql.jdbc.MysqlIO.<init>(MysqlIO.java:300)
	... 85 common frames omitted
2017-09-14 14:22:37,448 - Building JPA container EntityManagerFactory for persistence unit 'default'
2017-09-14 14:22:37,485 - HHH000204: Processing PersistenceUnitInfo [
	name: default
	...]
2017-09-14 14:22:37,657 - HHH000412: Hibernate Core {5.0.12.Final}
2017-09-14 14:22:37,661 - HHH000206: hibernate.properties not found
2017-09-14 14:22:37,664 - HHH000021: Bytecode provider name : javassist
2017-09-14 14:22:37,817 - HCANN000001: Hibernate Commons Annotations {5.0.1.Final}
2017-09-14 14:22:58,979 - HHH000342: Could not obtain connection to query metadata : Communications link failure

The last packet sent successfully to the server was 0 milliseconds ago. The driver has not received any packets from the server.
2017-09-14 14:22:58,987 - Exception encountered during context initialization - cancelling refresh attempt: org.springframework.beans.factory.BeanCreationException: Error creating bean with name 'entityManagerFactory' defined in class path resource [org/springframework/boot/autoconfigure/orm/jpa/HibernateJpaAutoConfiguration.class]: Invocation of init method failed; nested exception is org.hibernate.service.spi.ServiceException: Unable to create requested service [org.hibernate.engine.jdbc.env.spi.JdbcEnvironment]
2017-09-14 14:22:59,000 - Stopping service [Tomcat]
2017-09-14 14:22:59,064 - 

Error starting ApplicationContext. To display the auto-configuration report re-run your application with 'debug' enabled.
2017-09-14 14:33:36,718 - Starting SellApplication on DESKTOP-PU1H1F5 with PID 5476 (D:\java\sell\target\classes started by 李金香 in D:\java\sell)
2017-09-14 14:33:36,732 - No active profile set, falling back to default profiles: default
2017-09-14 14:33:36,810 - Refreshing org.springframework.boot.context.embedded.AnnotationConfigEmbeddedWebApplicationContext@2473d930: startup date [Thu Sep 14 14:33:36 CST 2017]; root of context hierarchy
2017-09-14 14:33:37,217 - HV000001: Hibernate Validator 5.3.5.Final
2017-09-14 14:33:44,596 - Tomcat initialized with port(s): 8080 (http)
2017-09-14 14:33:44,606 - Starting service [Tomcat]
2017-09-14 14:33:44,607 - Starting Servlet Engine: Apache Tomcat/8.5.16
2017-09-14 14:33:45,133 - Initializing Spring embedded WebApplicationContext
2017-09-14 14:33:45,134 - Root WebApplicationContext: initialization completed in 8324 ms
2017-09-14 14:33:45,281 - Mapping servlet: 'dispatcherServlet' to [/]
2017-09-14 14:33:45,285 - Mapping filter: 'characterEncodingFilter' to: [/*]
2017-09-14 14:33:45,285 - Mapping filter: 'hiddenHttpMethodFilter' to: [/*]
2017-09-14 14:33:45,285 - Mapping filter: 'httpPutFormContentFilter' to: [/*]
2017-09-14 14:33:45,285 - Mapping filter: 'requestContextFilter' to: [/*]
2017-09-14 14:33:45,988 - Building JPA container EntityManagerFactory for persistence unit 'default'
2017-09-14 14:33:46,022 - HHH000204: Processing PersistenceUnitInfo [
	name: default
	...]
2017-09-14 14:33:46,132 - HHH000412: Hibernate Core {5.0.12.Final}
2017-09-14 14:33:46,133 - HHH000206: hibernate.properties not found
2017-09-14 14:33:46,134 - HHH000021: Bytecode provider name : javassist
2017-09-14 14:33:46,189 - HCANN000001: Hibernate Commons Annotations {5.0.1.Final}
2017-09-14 14:33:46,418 - HHH000400: Using dialect: org.hibernate.dialect.MySQL5Dialect
2017-09-14 14:33:47,182 - Initialized JPA EntityManagerFactory for persistence unit 'default'
2017-09-14 14:33:47,764 - Looking for @ControllerAdvice: org.springframework.boot.context.embedded.AnnotationConfigEmbeddedWebApplicationContext@2473d930: startup date [Thu Sep 14 14:33:36 CST 2017]; root of context hierarchy
2017-09-14 14:33:47,819 - Mapped "{[/buyer/order/create],methods=[POST]}" onto public com.imooc.vo.ResultVO<java.util.Map<java.lang.String, java.lang.String>> com.imooc.controller.BuyerOrderController.create(com.imooc.form.OrderForm,org.springframework.validation.BindingResult)
2017-09-14 14:33:47,820 - Mapped "{[/buyer/order/list],methods=[GET]}" onto public com.imooc.vo.ResultVO<java.util.List<com.imooc.dto.OrderDTO>> com.imooc.controller.BuyerOrderController.list(java.lang.String,java.lang.Integer,java.lang.Integer)
2017-09-14 14:33:47,821 - Mapped "{[/buyer/order/cancel],methods=[POST]}" onto public com.imooc.vo.ResultVO<com.imooc.dto.OrderDTO> com.imooc.controller.BuyerOrderController.cancel(java.lang.String,java.lang.String)
2017-09-14 14:33:47,821 - Mapped "{[/buyer/order/detail],methods=[GET]}" onto public com.imooc.vo.ResultVO<com.imooc.dto.OrderDTO> com.imooc.controller.BuyerOrderController.detail(java.lang.String,java.lang.String)
2017-09-14 14:33:47,821 - Mapped "{[/buyer/product/list],methods=[GET]}" onto public com.imooc.vo.ResultVO<java.util.List<com.imooc.vo.ProductVO>> com.imooc.controller.BuyerProductController.list()
2017-09-14 14:33:47,822 - Mapped "{[/weixin/auth],methods=[GET]}" onto public void com.imooc.controller.WeixinController.auth(java.lang.String)
2017-09-14 14:33:47,822 - Mapped "{[/token/get],methods=[GET]}" onto public java.lang.String com.imooc.controller.WxTestController.getToken()
2017-09-14 14:33:47,824 - Mapped "{[/error]}" onto public org.springframework.http.ResponseEntity<java.util.Map<java.lang.String, java.lang.Object>> org.springframework.boot.autoconfigure.web.BasicErrorController.error(javax.servlet.http.HttpServletRequest)
2017-09-14 14:33:47,824 - Mapped "{[/error],produces=[text/html]}" onto public org.springframework.web.servlet.ModelAndView org.springframework.boot.autoconfigure.web.BasicErrorController.errorHtml(javax.servlet.http.HttpServletRequest,javax.servlet.http.HttpServletResponse)
2017-09-14 14:33:47,860 - Mapped URL path [/webjars/**] onto handler of type [class org.springframework.web.servlet.resource.ResourceHttpRequestHandler]
2017-09-14 14:33:47,860 - Mapped URL path [/**] onto handler of type [class org.springframework.web.servlet.resource.ResourceHttpRequestHandler]
2017-09-14 14:33:47,898 - Mapped URL path [/**/favicon.ico] onto handler of type [class org.springframework.web.servlet.resource.ResourceHttpRequestHandler]
2017-09-14 14:33:48,217 - Registering beans for JMX exposure on startup
2017-09-14 14:33:48,240 - Initializing ProtocolHandler ["http-nio-8080"]
2017-09-14 14:33:48,257 - Starting ProtocolHandler ["http-nio-8080"]
2017-09-14 14:33:48,267 - Using a shared selector for servlet write/read
2017-09-14 14:33:48,286 - Tomcat started on port(s): 8080 (http)
2017-09-14 14:33:48,319 - Started SellApplication in 12.4 seconds (JVM running for 17.551)
2017-09-14 14:34:26,799 - Initializing Spring FrameworkServlet 'dispatcherServlet'
2017-09-14 14:34:26,799 - FrameworkServlet 'dispatcherServlet': initialization started
2017-09-14 14:34:26,814 - FrameworkServlet 'dispatcherServlet': initialization completed in 15 ms
2017-09-14 14:34:26,885 - [微信授权方法]..., code=021iHDX02qfzf11I5sV02QXtX02iHDXP
2017-09-14 14:34:38,233 - HHH000397: Using ASTQueryTranslatorFactory
2017-09-14 15:13:57,776 - Starting SellApplication on DESKTOP-PU1H1F5 with PID 9800 (D:\java\sell\target\classes started by 李金香 in D:\java\sell)
2017-09-14 15:13:57,780 - No active profile set, falling back to default profiles: default
2017-09-14 15:13:57,890 - Refreshing org.springframework.boot.context.embedded.AnnotationConfigEmbeddedWebApplicationContext@2473d930: startup date [Thu Sep 14 15:13:57 CST 2017]; root of context hierarchy
2017-09-14 15:13:58,264 - HV000001: Hibernate Validator 5.3.5.Final
2017-09-14 15:14:01,458 - Tomcat initialized with port(s): 8080 (http)
2017-09-14 15:14:01,473 - Starting service [Tomcat]
2017-09-14 15:14:01,473 - Starting Servlet Engine: Apache Tomcat/8.5.16
2017-09-14 15:14:01,573 - Initializing Spring embedded WebApplicationContext
2017-09-14 15:14:01,573 - Root WebApplicationContext: initialization completed in 3683 ms
2017-09-14 15:14:01,680 - Mapping servlet: 'dispatcherServlet' to [/]
2017-09-14 15:14:01,683 - Mapping filter: 'characterEncodingFilter' to: [/*]
2017-09-14 15:14:01,683 - Mapping filter: 'hiddenHttpMethodFilter' to: [/*]
2017-09-14 15:14:01,683 - Mapping filter: 'httpPutFormContentFilter' to: [/*]
2017-09-14 15:14:01,683 - Mapping filter: 'requestContextFilter' to: [/*]
2017-09-14 15:14:02,224 - Building JPA container EntityManagerFactory for persistence unit 'default'
2017-09-14 15:14:02,234 - HHH000204: Processing PersistenceUnitInfo [
	name: default
	...]
2017-09-14 15:14:02,336 - HHH000412: Hibernate Core {5.0.12.Final}
2017-09-14 15:14:02,336 - HHH000206: hibernate.properties not found
2017-09-14 15:14:02,337 - HHH000021: Bytecode provider name : javassist
2017-09-14 15:14:02,380 - HCANN000001: Hibernate Commons Annotations {5.0.1.Final}
2017-09-14 15:14:02,510 - HHH000400: Using dialect: org.hibernate.dialect.MySQL5Dialect
2017-09-14 15:14:02,928 - Initialized JPA EntityManagerFactory for persistence unit 'default'
2017-09-14 15:14:03,536 - Looking for @ControllerAdvice: org.springframework.boot.context.embedded.AnnotationConfigEmbeddedWebApplicationContext@2473d930: startup date [Thu Sep 14 15:13:57 CST 2017]; root of context hierarchy
2017-09-14 15:14:03,581 - Mapped "{[/buyer/order/create],methods=[POST]}" onto public com.imooc.vo.ResultVO<java.util.Map<java.lang.String, java.lang.String>> com.imooc.controller.BuyerOrderController.create(com.imooc.form.OrderForm,org.springframework.validation.BindingResult)
2017-09-14 15:14:03,582 - Mapped "{[/buyer/order/list],methods=[GET]}" onto public com.imooc.vo.ResultVO<java.util.List<com.imooc.dto.OrderDTO>> com.imooc.controller.BuyerOrderController.list(java.lang.String,java.lang.Integer,java.lang.Integer)
2017-09-14 15:14:03,582 - Mapped "{[/buyer/order/cancel],methods=[POST]}" onto public com.imooc.vo.ResultVO<com.imooc.dto.OrderDTO> com.imooc.controller.BuyerOrderController.cancel(java.lang.String,java.lang.String)
2017-09-14 15:14:03,582 - Mapped "{[/buyer/order/detail],methods=[GET]}" onto public com.imooc.vo.ResultVO<com.imooc.dto.OrderDTO> com.imooc.controller.BuyerOrderController.detail(java.lang.String,java.lang.String)
2017-09-14 15:14:03,583 - Mapped "{[/buyer/product/list],methods=[GET]}" onto public com.imooc.vo.ResultVO<java.util.List<com.imooc.vo.ProductVO>> com.imooc.controller.BuyerProductController.list()
2017-09-14 15:14:03,583 - Mapped "{[/weixin/auth],methods=[GET]}" onto public void com.imooc.controller.WeixinController.auth(java.lang.String)
2017-09-14 15:14:03,584 - Mapped "{[/token/get],methods=[GET]}" onto public java.lang.String com.imooc.controller.WxTestController.getToken()
2017-09-14 15:14:03,585 - Mapped "{[/error]}" onto public org.springframework.http.ResponseEntity<java.util.Map<java.lang.String, java.lang.Object>> org.springframework.boot.autoconfigure.web.BasicErrorController.error(javax.servlet.http.HttpServletRequest)
2017-09-14 15:14:03,585 - Mapped "{[/error],produces=[text/html]}" onto public org.springframework.web.servlet.ModelAndView org.springframework.boot.autoconfigure.web.BasicErrorController.errorHtml(javax.servlet.http.HttpServletRequest,javax.servlet.http.HttpServletResponse)
2017-09-14 15:14:03,606 - Mapped URL path [/webjars/**] onto handler of type [class org.springframework.web.servlet.resource.ResourceHttpRequestHandler]
2017-09-14 15:14:03,606 - Mapped URL path [/**] onto handler of type [class org.springframework.web.servlet.resource.ResourceHttpRequestHandler]
2017-09-14 15:14:03,630 - Mapped URL path [/**/favicon.ico] onto handler of type [class org.springframework.web.servlet.resource.ResourceHttpRequestHandler]
2017-09-14 15:14:03,926 - Registering beans for JMX exposure on startup
2017-09-14 15:14:03,949 - Initializing ProtocolHandler ["http-nio-8080"]
2017-09-14 15:14:03,956 - Starting ProtocolHandler ["http-nio-8080"]
2017-09-14 15:14:03,966 - Using a shared selector for servlet write/read
2017-09-14 15:14:03,981 - Tomcat started on port(s): 8080 (http)
2017-09-14 15:14:04,006 - Started SellApplication in 7.096 seconds (JVM running for 8.392)
2017-09-14 15:14:16,766 - Initializing Spring FrameworkServlet 'dispatcherServlet'
2017-09-14 15:14:16,766 - FrameworkServlet 'dispatcherServlet': initialization started
2017-09-14 15:14:16,793 - FrameworkServlet 'dispatcherServlet': initialization completed in 27 ms
2017-09-14 15:14:16,837 - [微信授权方法]..., code=0013VoL01kza122bzfL016lsL013VoLe
2017-09-14 15:14:18,094 - [response ={"access_token":"-bUZoxl-OVEEXIg1Z_UV_MnbM_6mwDYExacaxTCV5yuZ2c8DbewWHbSP2wHF1Qdv4Wzo2HxDlwoQVGG97vi9Ig","expires_in":7200,"refresh_token":"d_xEbEI0t-1EucRkaxCLEDo-fJrGNqzhrXgAby03-3UV9XyGVOmgbglXmNapgZ-UM2LBlcPYU_6qKso7JuZz-Q","openid":"oKK_-1YTYP5AQP8M8wwQ_L18IXSk","scope":"snsapi_base"}]
2017-09-14 15:19:42,444 - [微信授权方法]..., code=011LXl9Y0ebI202muA9Y05lH9Y0LXl9h
2017-09-14 15:19:42,669 - [response ={"access_token":"Q5kTPwas9qvzjR8h3djg4GZjoQlN5LrwMUcI1Zpta0nXg8abvsafjvN83OE7OUo0mx7hhYVdkTeJNhptLJC2CA","expires_in":7200,"refresh_token":"EBpgei1BcIDK-ngTW0vhMCziBw-xIhdG0t0tqIpogk8W4yd4FQLBYLXkqzFiRTag5JiHfzjuHxK2zU79eVmVrQ","openid":"oKK_-1YTYP5AQP8M8wwQ_L18IXSk","scope":"snsapi_userinfo"}]
