2017-09-06 15:21:40,106 - Starting SellApplication on DESKTOP-PU1H1F5 with PID 1428 (D:\java\sell\target\classes started by 李金香 in D:\java\sell)
2017-09-06 15:21:40,118 - No active profile set, falling back to default profiles: default
2017-09-06 15:21:40,287 - Refreshing org.springframework.boot.context.embedded.AnnotationConfigEmbeddedWebApplicationContext@1b1473ab: startup date [Wed Sep 06 15:21:40 CST 2017]; root of context hierarchy
2017-09-06 15:21:40,852 - HV000001: Hibernate Validator 5.3.5.Final
2017-09-06 15:21:45,224 - Tomcat initialized with port(s): 8080 (http)
2017-09-06 15:21:45,271 - Starting service [Tomcat]
2017-09-06 15:21:45,272 - Starting Servlet Engine: Apache Tomcat/8.5.16
2017-09-06 15:21:45,443 - Initializing Spring embedded WebApplicationContext
2017-09-06 15:21:45,443 - Root WebApplicationContext: initialization completed in 5156 ms
2017-09-06 15:21:45,586 - Mapping servlet: 'dispatcherServlet' to [/]
2017-09-06 15:21:45,597 - Mapping filter: 'characterEncodingFilter' to: [/*]
2017-09-06 15:21:45,598 - Mapping filter: 'hiddenHttpMethodFilter' to: [/*]
2017-09-06 15:21:45,598 - Mapping filter: 'httpPutFormContentFilter' to: [/*]
2017-09-06 15:21:45,598 - Mapping filter: 'requestContextFilter' to: [/*]
2017-09-06 15:21:46,431 - Building JPA container EntityManagerFactory for persistence unit 'default'
2017-09-06 15:21:46,452 - HHH000204: Processing PersistenceUnitInfo [
	name: default
	...]
2017-09-06 15:21:46,593 - HHH000412: Hibernate Core {5.0.12.Final}
2017-09-06 15:21:46,594 - HHH000206: hibernate.properties not found
2017-09-06 15:21:46,595 - HHH000021: Bytecode provider name : javassist
2017-09-06 15:21:46,692 - HCANN000001: Hibernate Commons Annotations {5.0.1.Final}
2017-09-06 15:21:46,862 - HHH000400: Using dialect: org.hibernate.dialect.MySQL5Dialect
2017-09-06 15:21:47,981 - Initialized JPA EntityManagerFactory for persistence unit 'default'
2017-09-06 15:21:48,968 - Looking for @ControllerAdvice: org.springframework.boot.context.embedded.AnnotationConfigEmbeddedWebApplicationContext@1b1473ab: startup date [Wed Sep 06 15:21:40 CST 2017]; root of context hierarchy
2017-09-06 15:21:49,045 - Mapped "{[/buyer/order/create],methods=[POST]}" onto public com.imooc.vo.ResultVO<java.util.Map<java.lang.String, java.lang.String>> com.imooc.controller.BuyerOrderController.create(com.imooc.form.OrderForm,org.springframework.validation.BindingResult)
2017-09-06 15:21:49,049 - Mapped "{[/buyer/product/list],methods=[GET]}" onto public com.imooc.vo.ResultVO<java.util.List<com.imooc.vo.ProductVO>> com.imooc.controller.BuyerProductController.list()
2017-09-06 15:21:49,052 - Mapped "{[/error]}" onto public org.springframework.http.ResponseEntity<java.util.Map<java.lang.String, java.lang.Object>> org.springframework.boot.autoconfigure.web.BasicErrorController.error(javax.servlet.http.HttpServletRequest)
2017-09-06 15:21:49,052 - Mapped "{[/error],produces=[text/html]}" onto public org.springframework.web.servlet.ModelAndView org.springframework.boot.autoconfigure.web.BasicErrorController.errorHtml(javax.servlet.http.HttpServletRequest,javax.servlet.http.HttpServletResponse)
2017-09-06 15:21:49,088 - Mapped URL path [/webjars/**] onto handler of type [class org.springframework.web.servlet.resource.ResourceHttpRequestHandler]
2017-09-06 15:21:49,088 - Mapped URL path [/**] onto handler of type [class org.springframework.web.servlet.resource.ResourceHttpRequestHandler]
2017-09-06 15:21:49,126 - Mapped URL path [/**/favicon.ico] onto handler of type [class org.springframework.web.servlet.resource.ResourceHttpRequestHandler]
2017-09-06 15:21:49,552 - Registering beans for JMX exposure on startup
2017-09-06 15:21:49,575 - Initializing ProtocolHandler ["http-nio-8080"]
2017-09-06 15:21:49,603 - Starting ProtocolHandler ["http-nio-8080"]
2017-09-06 15:21:49,614 - Using a shared selector for servlet write/read
2017-09-06 15:21:49,646 - Tomcat started on port(s): 8080 (http)
2017-09-06 15:21:49,721 - Started SellApplication in 11.193 seconds (JVM running for 16.294)
2017-09-06 16:37:31,024 - A cookie header was received [1499746243,1499824953,1499997679; Idea-10cb269a=ff61daa7-9589-43b8-894b-538283fffc08] that contained an invalid cookie. That cookie will be ignored.Note: further occurrences of this error will be logged at DEBUG level.
2017-09-06 16:37:31,183 - Initializing Spring FrameworkServlet 'dispatcherServlet'
2017-09-06 16:37:31,184 - FrameworkServlet 'dispatcherServlet': initialization started
2017-09-06 16:37:32,273 - FrameworkServlet 'dispatcherServlet': initialization completed in 1088 ms
2017-09-06 16:50:11,536 - Starting SellApplication on DESKTOP-PU1H1F5 with PID 3292 (D:\java\sell\target\classes started by 李金香 in D:\java\sell)
2017-09-06 16:50:11,562 - No active profile set, falling back to default profiles: default
2017-09-06 16:50:11,809 - Refreshing org.springframework.boot.context.embedded.AnnotationConfigEmbeddedWebApplicationContext@1b1473ab: startup date [Wed Sep 06 16:50:11 CST 2017]; root of context hierarchy
2017-09-06 16:50:12,472 - HV000001: Hibernate Validator 5.3.5.Final
2017-09-06 16:50:20,339 - Tomcat initialized with port(s): 8080 (http)
2017-09-06 16:50:20,373 - Starting service [Tomcat]
2017-09-06 16:50:20,374 - Starting Servlet Engine: Apache Tomcat/8.5.16
2017-09-06 16:50:20,569 - Initializing Spring embedded WebApplicationContext
2017-09-06 16:50:20,569 - Root WebApplicationContext: initialization completed in 8760 ms
2017-09-06 16:50:20,745 - Mapping servlet: 'dispatcherServlet' to [/]
2017-09-06 16:50:20,753 - Mapping filter: 'characterEncodingFilter' to: [/*]
2017-09-06 16:50:20,753 - Mapping filter: 'hiddenHttpMethodFilter' to: [/*]
2017-09-06 16:50:20,753 - Mapping filter: 'httpPutFormContentFilter' to: [/*]
2017-09-06 16:50:20,753 - Mapping filter: 'requestContextFilter' to: [/*]
2017-09-06 16:50:21,894 - Building JPA container EntityManagerFactory for persistence unit 'default'
2017-09-06 16:50:21,909 - HHH000204: Processing PersistenceUnitInfo [
	name: default
	...]
2017-09-06 16:50:22,036 - HHH000412: Hibernate Core {5.0.12.Final}
2017-09-06 16:50:22,037 - HHH000206: hibernate.properties not found
2017-09-06 16:50:22,038 - HHH000021: Bytecode provider name : javassist
2017-09-06 16:50:22,111 - HCANN000001: Hibernate Commons Annotations {5.0.1.Final}
2017-09-06 16:50:22,288 - HHH000400: Using dialect: org.hibernate.dialect.MySQL5Dialect
2017-09-06 16:50:23,036 - Initialized JPA EntityManagerFactory for persistence unit 'default'
2017-09-06 16:50:23,609 - Looking for @ControllerAdvice: org.springframework.boot.context.embedded.AnnotationConfigEmbeddedWebApplicationContext@1b1473ab: startup date [Wed Sep 06 16:50:11 CST 2017]; root of context hierarchy
2017-09-06 16:50:23,656 - Mapped "{[/buyer/order/create],methods=[POST]}" onto public com.imooc.vo.ResultVO<java.util.Map<java.lang.String, java.lang.String>> com.imooc.controller.BuyerOrderController.create(com.imooc.form.OrderForm,org.springframework.validation.BindingResult)
2017-09-06 16:50:23,658 - Mapped "{[/buyer/product/list],methods=[GET]}" onto public com.imooc.vo.ResultVO<java.util.List<com.imooc.vo.ProductVO>> com.imooc.controller.BuyerProductController.list()
2017-09-06 16:50:23,659 - Mapped "{[/error]}" onto public org.springframework.http.ResponseEntity<java.util.Map<java.lang.String, java.lang.Object>> org.springframework.boot.autoconfigure.web.BasicErrorController.error(javax.servlet.http.HttpServletRequest)
2017-09-06 16:50:23,660 - Mapped "{[/error],produces=[text/html]}" onto public org.springframework.web.servlet.ModelAndView org.springframework.boot.autoconfigure.web.BasicErrorController.errorHtml(javax.servlet.http.HttpServletRequest,javax.servlet.http.HttpServletResponse)
2017-09-06 16:50:23,693 - Mapped URL path [/webjars/**] onto handler of type [class org.springframework.web.servlet.resource.ResourceHttpRequestHandler]
2017-09-06 16:50:23,694 - Mapped URL path [/**] onto handler of type [class org.springframework.web.servlet.resource.ResourceHttpRequestHandler]
2017-09-06 16:50:23,730 - Mapped URL path [/**/favicon.ico] onto handler of type [class org.springframework.web.servlet.resource.ResourceHttpRequestHandler]
2017-09-06 16:50:24,097 - Registering beans for JMX exposure on startup
2017-09-06 16:50:24,114 - Initializing ProtocolHandler ["http-nio-8080"]
2017-09-06 16:50:24,127 - Starting ProtocolHandler ["http-nio-8080"]
2017-09-06 16:50:24,137 - Using a shared selector for servlet write/read
2017-09-06 16:50:24,164 - Tomcat started on port(s): 8080 (http)
2017-09-06 16:50:24,197 - Started SellApplication in 14.479 seconds (JVM running for 16.763)
2017-09-06 16:56:46,790 - A cookie header was received [1499746243,1499824953,1499997679; Idea-10cb269a=ff61daa7-9589-43b8-894b-538283fffc08] that contained an invalid cookie. That cookie will be ignored.Note: further occurrences of this error will be logged at DEBUG level.
2017-09-06 16:56:46,797 - Initializing Spring FrameworkServlet 'dispatcherServlet'
2017-09-06 16:56:46,797 - FrameworkServlet 'dispatcherServlet': initialization started
2017-09-06 16:56:46,824 - FrameworkServlet 'dispatcherServlet': initialization completed in 27 ms
2017-09-06 17:25:17,254 - Starting SellApplication on DESKTOP-PU1H1F5 with PID 5716 (D:\java\sell\target\classes started by 李金香 in D:\java\sell)
2017-09-06 17:25:17,297 - No active profile set, falling back to default profiles: default
2017-09-06 17:25:17,473 - Refreshing org.springframework.boot.context.embedded.AnnotationConfigEmbeddedWebApplicationContext@1b1473ab: startup date [Wed Sep 06 17:25:17 CST 2017]; root of context hierarchy
2017-09-06 17:25:18,025 - HV000001: Hibernate Validator 5.3.5.Final
2017-09-06 17:25:21,268 - Tomcat initialized with port(s): 8080 (http)
2017-09-06 17:25:21,309 - Starting service [Tomcat]
2017-09-06 17:25:21,310 - Starting Servlet Engine: Apache Tomcat/8.5.16
2017-09-06 17:25:21,586 - Initializing Spring embedded WebApplicationContext
2017-09-06 17:25:21,586 - Root WebApplicationContext: initialization completed in 4113 ms
2017-09-06 17:25:21,704 - Mapping servlet: 'dispatcherServlet' to [/]
2017-09-06 17:25:21,707 - Mapping filter: 'characterEncodingFilter' to: [/*]
2017-09-06 17:25:21,708 - Mapping filter: 'hiddenHttpMethodFilter' to: [/*]
2017-09-06 17:25:21,708 - Mapping filter: 'httpPutFormContentFilter' to: [/*]
2017-09-06 17:25:21,708 - Mapping filter: 'requestContextFilter' to: [/*]
2017-09-06 17:25:22,713 - Building JPA container EntityManagerFactory for persistence unit 'default'
2017-09-06 17:25:22,770 - HHH000204: Processing PersistenceUnitInfo [
	name: default
	...]
2017-09-06 17:25:23,079 - HHH000412: Hibernate Core {5.0.12.Final}
2017-09-06 17:25:23,080 - HHH000206: hibernate.properties not found
2017-09-06 17:25:23,081 - HHH000021: Bytecode provider name : javassist
2017-09-06 17:25:23,350 - HCANN000001: Hibernate Commons Annotations {5.0.1.Final}
2017-09-06 17:25:24,087 - HHH000400: Using dialect: org.hibernate.dialect.MySQL5Dialect
2017-09-06 17:25:24,690 - Initialized JPA EntityManagerFactory for persistence unit 'default'
2017-09-06 17:25:25,431 - Looking for @ControllerAdvice: org.springframework.boot.context.embedded.AnnotationConfigEmbeddedWebApplicationContext@1b1473ab: startup date [Wed Sep 06 17:25:17 CST 2017]; root of context hierarchy
2017-09-06 17:25:25,492 - Mapped "{[/buyer/order/create],methods=[POST]}" onto public com.imooc.vo.ResultVO<java.util.Map<java.lang.String, java.lang.String>> com.imooc.controller.BuyerOrderController.create(com.imooc.form.OrderForm,org.springframework.validation.BindingResult)
2017-09-06 17:25:25,494 - Mapped "{[/buyer/order/list],methods=[GET]}" onto public com.imooc.vo.ResultVO<java.util.List<com.imooc.dto.OrderDTO>> com.imooc.controller.BuyerOrderController.list(java.lang.String,java.lang.Integer,java.lang.Integer)
2017-09-06 17:25:25,494 - Mapped "{[/buyer/product/list],methods=[GET]}" onto public com.imooc.vo.ResultVO<java.util.List<com.imooc.vo.ProductVO>> com.imooc.controller.BuyerProductController.list()
2017-09-06 17:25:25,495 - Mapped "{[/error]}" onto public org.springframework.http.ResponseEntity<java.util.Map<java.lang.String, java.lang.Object>> org.springframework.boot.autoconfigure.web.BasicErrorController.error(javax.servlet.http.HttpServletRequest)
2017-09-06 17:25:25,495 - Mapped "{[/error],produces=[text/html]}" onto public org.springframework.web.servlet.ModelAndView org.springframework.boot.autoconfigure.web.BasicErrorController.errorHtml(javax.servlet.http.HttpServletRequest,javax.servlet.http.HttpServletResponse)
2017-09-06 17:25:25,528 - Mapped URL path [/webjars/**] onto handler of type [class org.springframework.web.servlet.resource.ResourceHttpRequestHandler]
2017-09-06 17:25:25,528 - Mapped URL path [/**] onto handler of type [class org.springframework.web.servlet.resource.ResourceHttpRequestHandler]
2017-09-06 17:25:25,554 - Mapped URL path [/**/favicon.ico] onto handler of type [class org.springframework.web.servlet.resource.ResourceHttpRequestHandler]
2017-09-06 17:25:25,881 - Registering beans for JMX exposure on startup
2017-09-06 17:25:25,896 - Initializing ProtocolHandler ["http-nio-8080"]
2017-09-06 17:25:25,930 - Starting ProtocolHandler ["http-nio-8080"]
2017-09-06 17:25:26,063 - Using a shared selector for servlet write/read
2017-09-06 17:25:26,100 - Tomcat started on port(s): 8080 (http)
2017-09-06 17:25:26,116 - Started SellApplication in 10.142 seconds (JVM running for 11.221)
2017-09-06 17:27:36,937 - A cookie header was received [1499746243,1499824953,1499997679; Idea-10cb269a=ff61daa7-9589-43b8-894b-538283fffc08] that contained an invalid cookie. That cookie will be ignored.Note: further occurrences of this error will be logged at DEBUG level.
2017-09-06 17:27:36,947 - Initializing Spring FrameworkServlet 'dispatcherServlet'
2017-09-06 17:27:36,947 - FrameworkServlet 'dispatcherServlet': initialization started
2017-09-06 17:27:36,988 - FrameworkServlet 'dispatcherServlet': initialization completed in 41 ms
2017-09-06 17:27:37,093 - Request method 'POST' not supported
2017-09-06 17:27:58,153 - HHH000397: Using ASTQueryTranslatorFactory
2017-09-06 17:54:01,969 - Starting SellApplication on DESKTOP-PU1H1F5 with PID 9752 (D:\java\sell\target\classes started by 李金香 in D:\java\sell)
2017-09-06 17:54:01,983 - No active profile set, falling back to default profiles: default
2017-09-06 17:54:02,106 - Refreshing org.springframework.boot.context.embedded.AnnotationConfigEmbeddedWebApplicationContext@1b1473ab: startup date [Wed Sep 06 17:54:02 CST 2017]; root of context hierarchy
2017-09-06 17:54:02,527 - HV000001: Hibernate Validator 5.3.5.Final
2017-09-06 17:54:06,151 - Tomcat initialized with port(s): 8080 (http)
2017-09-06 17:54:06,165 - Starting service [Tomcat]
2017-09-06 17:54:06,166 - Starting Servlet Engine: Apache Tomcat/8.5.16
2017-09-06 17:54:06,620 - Initializing Spring embedded WebApplicationContext
2017-09-06 17:54:06,620 - Root WebApplicationContext: initialization completed in 4514 ms
2017-09-06 17:54:06,748 - Mapping servlet: 'dispatcherServlet' to [/]
2017-09-06 17:54:06,751 - Mapping filter: 'characterEncodingFilter' to: [/*]
2017-09-06 17:54:06,752 - Mapping filter: 'hiddenHttpMethodFilter' to: [/*]
2017-09-06 17:54:06,752 - Mapping filter: 'httpPutFormContentFilter' to: [/*]
2017-09-06 17:54:06,752 - Mapping filter: 'requestContextFilter' to: [/*]
2017-09-06 17:54:07,546 - Building JPA container EntityManagerFactory for persistence unit 'default'
2017-09-06 17:54:07,556 - HHH000204: Processing PersistenceUnitInfo [
	name: default
	...]
2017-09-06 17:54:07,669 - HHH000412: Hibernate Core {5.0.12.Final}
2017-09-06 17:54:07,670 - HHH000206: hibernate.properties not found
2017-09-06 17:54:07,670 - HHH000021: Bytecode provider name : javassist
2017-09-06 17:54:07,735 - HCANN000001: Hibernate Commons Annotations {5.0.1.Final}
2017-09-06 17:54:07,876 - HHH000400: Using dialect: org.hibernate.dialect.MySQL5Dialect
2017-09-06 17:54:08,491 - Initialized JPA EntityManagerFactory for persistence unit 'default'
2017-09-06 17:54:09,187 - Looking for @ControllerAdvice: org.springframework.boot.context.embedded.AnnotationConfigEmbeddedWebApplicationContext@1b1473ab: startup date [Wed Sep 06 17:54:02 CST 2017]; root of context hierarchy
2017-09-06 17:54:09,254 - Mapped "{[/buyer/order/create],methods=[POST]}" onto public com.imooc.vo.ResultVO<java.util.Map<java.lang.String, java.lang.String>> com.imooc.controller.BuyerOrderController.create(com.imooc.form.OrderForm,org.springframework.validation.BindingResult)
2017-09-06 17:54:09,255 - Mapped "{[/buyer/order/list],methods=[GET]}" onto public com.imooc.vo.ResultVO<java.util.List<com.imooc.dto.OrderDTO>> com.imooc.controller.BuyerOrderController.list(java.lang.String,java.lang.Integer,java.lang.Integer)
2017-09-06 17:54:09,256 - Mapped "{[/buyer/product/list],methods=[GET]}" onto public com.imooc.vo.ResultVO<java.util.List<com.imooc.vo.ProductVO>> com.imooc.controller.BuyerProductController.list()
2017-09-06 17:54:09,257 - Mapped "{[/error]}" onto public org.springframework.http.ResponseEntity<java.util.Map<java.lang.String, java.lang.Object>> org.springframework.boot.autoconfigure.web.BasicErrorController.error(javax.servlet.http.HttpServletRequest)
2017-09-06 17:54:09,258 - Mapped "{[/error],produces=[text/html]}" onto public org.springframework.web.servlet.ModelAndView org.springframework.boot.autoconfigure.web.BasicErrorController.errorHtml(javax.servlet.http.HttpServletRequest,javax.servlet.http.HttpServletResponse)
2017-09-06 17:54:09,278 - Mapped URL path [/webjars/**] onto handler of type [class org.springframework.web.servlet.resource.ResourceHttpRequestHandler]
2017-09-06 17:54:09,278 - Mapped URL path [/**] onto handler of type [class org.springframework.web.servlet.resource.ResourceHttpRequestHandler]
2017-09-06 17:54:09,313 - Mapped URL path [/**/favicon.ico] onto handler of type [class org.springframework.web.servlet.resource.ResourceHttpRequestHandler]
2017-09-06 17:54:09,642 - Registering beans for JMX exposure on startup
2017-09-06 17:54:09,653 - Initializing ProtocolHandler ["http-nio-8080"]
2017-09-06 17:54:09,669 - Starting ProtocolHandler ["http-nio-8080"]
2017-09-06 17:54:09,679 - Using a shared selector for servlet write/read
2017-09-06 17:54:09,698 - Tomcat started on port(s): 8080 (http)
2017-09-06 17:54:09,715 - Started SellApplication in 8.67 seconds (JVM running for 10.147)
2017-09-06 17:55:10,729 - A cookie header was received [1499746243,1499824953,1499997679; Idea-10cb269a=ff61daa7-9589-43b8-894b-538283fffc08] that contained an invalid cookie. That cookie will be ignored.Note: further occurrences of this error will be logged at DEBUG level.
2017-09-06 17:55:10,757 - Initializing Spring FrameworkServlet 'dispatcherServlet'
2017-09-06 17:55:10,758 - FrameworkServlet 'dispatcherServlet': initialization started
2017-09-06 17:55:10,807 - FrameworkServlet 'dispatcherServlet': initialization completed in 49 ms
2017-09-06 17:55:10,927 - HHH000397: Using ASTQueryTranslatorFactory
2017-09-06 18:00:25,493 - Starting SellApplication on DESKTOP-PU1H1F5 with PID 7668 (D:\java\sell\target\classes started by 李金香 in D:\java\sell)
2017-09-06 18:00:25,495 - No active profile set, falling back to default profiles: default
2017-09-06 18:00:25,540 - Refreshing org.springframework.boot.context.embedded.AnnotationConfigEmbeddedWebApplicationContext@1b1473ab: startup date [Wed Sep 06 18:00:25 CST 2017]; root of context hierarchy
2017-09-06 18:00:25,747 - HV000001: Hibernate Validator 5.3.5.Final
2017-09-06 18:00:27,629 - Tomcat initialized with port(s): 8080 (http)
2017-09-06 18:00:27,639 - Starting service [Tomcat]
2017-09-06 18:00:27,640 - Starting Servlet Engine: Apache Tomcat/8.5.16
2017-09-06 18:00:27,725 - Initializing Spring embedded WebApplicationContext
2017-09-06 18:00:27,726 - Root WebApplicationContext: initialization completed in 2186 ms
2017-09-06 18:00:27,819 - Mapping servlet: 'dispatcherServlet' to [/]
2017-09-06 18:00:27,822 - Mapping filter: 'characterEncodingFilter' to: [/*]
2017-09-06 18:00:27,823 - Mapping filter: 'hiddenHttpMethodFilter' to: [/*]
2017-09-06 18:00:27,823 - Mapping filter: 'httpPutFormContentFilter' to: [/*]
2017-09-06 18:00:27,823 - Mapping filter: 'requestContextFilter' to: [/*]
2017-09-06 18:00:28,275 - Building JPA container EntityManagerFactory for persistence unit 'default'
2017-09-06 18:00:28,284 - HHH000204: Processing PersistenceUnitInfo [
	name: default
	...]
2017-09-06 18:00:28,325 - HHH000412: Hibernate Core {5.0.12.Final}
2017-09-06 18:00:28,327 - HHH000206: hibernate.properties not found
2017-09-06 18:00:28,327 - HHH000021: Bytecode provider name : javassist
2017-09-06 18:00:28,353 - HCANN000001: Hibernate Commons Annotations {5.0.1.Final}
2017-09-06 18:00:28,430 - HHH000400: Using dialect: org.hibernate.dialect.MySQL5Dialect
2017-09-06 18:00:28,798 - Initialized JPA EntityManagerFactory for persistence unit 'default'
2017-09-06 18:00:29,182 - Looking for @ControllerAdvice: org.springframework.boot.context.embedded.AnnotationConfigEmbeddedWebApplicationContext@1b1473ab: startup date [Wed Sep 06 18:00:25 CST 2017]; root of context hierarchy
2017-09-06 18:00:29,224 - Mapped "{[/buyer/order/create],methods=[POST]}" onto public com.imooc.vo.ResultVO<java.util.Map<java.lang.String, java.lang.String>> com.imooc.controller.BuyerOrderController.create(com.imooc.form.OrderForm,org.springframework.validation.BindingResult)
2017-09-06 18:00:29,226 - Mapped "{[/buyer/order/list],methods=[GET]}" onto public com.imooc.vo.ResultVO<java.util.List<com.imooc.dto.OrderDTO>> com.imooc.controller.BuyerOrderController.list(java.lang.String,java.lang.Integer,java.lang.Integer)
2017-09-06 18:00:29,226 - Mapped "{[/buyer/product/list],methods=[GET]}" onto public com.imooc.vo.ResultVO<java.util.List<com.imooc.vo.ProductVO>> com.imooc.controller.BuyerProductController.list()
2017-09-06 18:00:29,226 - Mapped "{[/error]}" onto public org.springframework.http.ResponseEntity<java.util.Map<java.lang.String, java.lang.Object>> org.springframework.boot.autoconfigure.web.BasicErrorController.error(javax.servlet.http.HttpServletRequest)
2017-09-06 18:00:29,227 - Mapped "{[/error],produces=[text/html]}" onto public org.springframework.web.servlet.ModelAndView org.springframework.boot.autoconfigure.web.BasicErrorController.errorHtml(javax.servlet.http.HttpServletRequest,javax.servlet.http.HttpServletResponse)
2017-09-06 18:00:29,247 - Mapped URL path [/webjars/**] onto handler of type [class org.springframework.web.servlet.resource.ResourceHttpRequestHandler]
2017-09-06 18:00:29,247 - Mapped URL path [/**] onto handler of type [class org.springframework.web.servlet.resource.ResourceHttpRequestHandler]
2017-09-06 18:00:29,274 - Mapped URL path [/**/favicon.ico] onto handler of type [class org.springframework.web.servlet.resource.ResourceHttpRequestHandler]
2017-09-06 18:00:29,452 - Registering beans for JMX exposure on startup
2017-09-06 18:00:29,464 - Initializing ProtocolHandler ["http-nio-8080"]
2017-09-06 18:00:29,473 - Starting ProtocolHandler ["http-nio-8080"]
2017-09-06 18:00:29,488 - Using a shared selector for servlet write/read
2017-09-06 18:00:29,513 - Tomcat started on port(s): 8080 (http)
2017-09-06 18:00:29,518 - Started SellApplication in 4.431 seconds (JVM running for 4.838)
2017-09-06 18:00:48,499 - A cookie header was received [1499746243,1499824953,1499997679; Idea-10cb269a=ff61daa7-9589-43b8-894b-538283fffc08] that contained an invalid cookie. That cookie will be ignored.Note: further occurrences of this error will be logged at DEBUG level.
2017-09-06 18:00:48,507 - Initializing Spring FrameworkServlet 'dispatcherServlet'
2017-09-06 18:00:48,508 - FrameworkServlet 'dispatcherServlet': initialization started
2017-09-06 18:00:48,529 - FrameworkServlet 'dispatcherServlet': initialization completed in 21 ms
2017-09-06 18:00:48,566 - HHH000397: Using ASTQueryTranslatorFactory
2017-09-06 18:11:01,074 - Starting SellApplication on DESKTOP-PU1H1F5 with PID 10324 (D:\java\sell\target\classes started by 李金香 in D:\java\sell)
2017-09-06 18:11:01,095 - No active profile set, falling back to default profiles: default
2017-09-06 18:11:01,194 - Refreshing org.springframework.boot.context.embedded.AnnotationConfigEmbeddedWebApplicationContext@1b1473ab: startup date [Wed Sep 06 18:11:01 CST 2017]; root of context hierarchy
2017-09-06 18:11:01,506 - HV000001: Hibernate Validator 5.3.5.Final
2017-09-06 18:11:03,415 - Tomcat initialized with port(s): 8080 (http)
2017-09-06 18:11:03,440 - Starting service [Tomcat]
2017-09-06 18:11:03,441 - Starting Servlet Engine: Apache Tomcat/8.5.16
2017-09-06 18:11:03,579 - Initializing Spring embedded WebApplicationContext
2017-09-06 18:11:03,579 - Root WebApplicationContext: initialization completed in 2385 ms
2017-09-06 18:11:03,803 - Mapping servlet: 'dispatcherServlet' to [/]
2017-09-06 18:11:03,810 - Mapping filter: 'characterEncodingFilter' to: [/*]
2017-09-06 18:11:03,811 - Mapping filter: 'hiddenHttpMethodFilter' to: [/*]
2017-09-06 18:11:03,812 - Mapping filter: 'httpPutFormContentFilter' to: [/*]
2017-09-06 18:11:03,812 - Mapping filter: 'requestContextFilter' to: [/*]
2017-09-06 18:11:04,413 - Building JPA container EntityManagerFactory for persistence unit 'default'
2017-09-06 18:11:04,422 - HHH000204: Processing PersistenceUnitInfo [
	name: default
	...]
2017-09-06 18:11:04,516 - HHH000412: Hibernate Core {5.0.12.Final}
2017-09-06 18:11:04,517 - HHH000206: hibernate.properties not found
2017-09-06 18:11:04,517 - HHH000021: Bytecode provider name : javassist
2017-09-06 18:11:04,560 - HCANN000001: Hibernate Commons Annotations {5.0.1.Final}
2017-09-06 18:11:04,684 - HHH000400: Using dialect: org.hibernate.dialect.MySQL5Dialect
2017-09-06 18:11:05,139 - Initialized JPA EntityManagerFactory for persistence unit 'default'
2017-09-06 18:11:05,793 - Looking for @ControllerAdvice: org.springframework.boot.context.embedded.AnnotationConfigEmbeddedWebApplicationContext@1b1473ab: startup date [Wed Sep 06 18:11:01 CST 2017]; root of context hierarchy
2017-09-06 18:11:05,842 - Mapped "{[/buyer/order/create],methods=[POST]}" onto public com.imooc.vo.ResultVO<java.util.Map<java.lang.String, java.lang.String>> com.imooc.controller.BuyerOrderController.create(com.imooc.form.OrderForm,org.springframework.validation.BindingResult)
2017-09-06 18:11:05,843 - Mapped "{[/buyer/order/list],methods=[GET]}" onto public com.imooc.vo.ResultVO<java.util.List<com.imooc.dto.OrderDTO>> com.imooc.controller.BuyerOrderController.list(java.lang.String,java.lang.Integer,java.lang.Integer)
2017-09-06 18:11:05,843 - Mapped "{[/buyer/product/list],methods=[GET]}" onto public com.imooc.vo.ResultVO<java.util.List<com.imooc.vo.ProductVO>> com.imooc.controller.BuyerProductController.list()
2017-09-06 18:11:05,845 - Mapped "{[/error]}" onto public org.springframework.http.ResponseEntity<java.util.Map<java.lang.String, java.lang.Object>> org.springframework.boot.autoconfigure.web.BasicErrorController.error(javax.servlet.http.HttpServletRequest)
2017-09-06 18:11:05,845 - Mapped "{[/error],produces=[text/html]}" onto public org.springframework.web.servlet.ModelAndView org.springframework.boot.autoconfigure.web.BasicErrorController.errorHtml(javax.servlet.http.HttpServletRequest,javax.servlet.http.HttpServletResponse)
2017-09-06 18:11:05,865 - Mapped URL path [/webjars/**] onto handler of type [class org.springframework.web.servlet.resource.ResourceHttpRequestHandler]
2017-09-06 18:11:05,865 - Mapped URL path [/**] onto handler of type [class org.springframework.web.servlet.resource.ResourceHttpRequestHandler]
2017-09-06 18:11:05,888 - Mapped URL path [/**/favicon.ico] onto handler of type [class org.springframework.web.servlet.resource.ResourceHttpRequestHandler]
2017-09-06 18:11:06,067 - Registering beans for JMX exposure on startup
2017-09-06 18:11:06,079 - Initializing ProtocolHandler ["http-nio-8080"]
2017-09-06 18:11:06,085 - Starting ProtocolHandler ["http-nio-8080"]
2017-09-06 18:11:06,097 - Using a shared selector for servlet write/read
2017-09-06 18:11:06,112 - Tomcat started on port(s): 8080 (http)
2017-09-06 18:11:06,116 - Started SellApplication in 5.752 seconds (JVM running for 6.263)
2017-09-06 18:11:14,018 - A cookie header was received [1499746243,1499824953,1499997679; Idea-10cb269a=ff61daa7-9589-43b8-894b-538283fffc08] that contained an invalid cookie. That cookie will be ignored.Note: further occurrences of this error will be logged at DEBUG level.
2017-09-06 18:11:14,024 - Initializing Spring FrameworkServlet 'dispatcherServlet'
2017-09-06 18:11:14,025 - FrameworkServlet 'dispatcherServlet': initialization started
2017-09-06 18:11:14,038 - FrameworkServlet 'dispatcherServlet': initialization completed in 13 ms
2017-09-06 18:11:14,073 - HHH000397: Using ASTQueryTranslatorFactory
2017-09-06 18:11:29,552 - Starting SellApplication on DESKTOP-PU1H1F5 with PID 11040 (D:\java\sell\target\classes started by 李金香 in D:\java\sell)
2017-09-06 18:11:29,555 - No active profile set, falling back to default profiles: default
2017-09-06 18:11:29,641 - Refreshing org.springframework.boot.context.embedded.AnnotationConfigEmbeddedWebApplicationContext@1b1473ab: startup date [Wed Sep 06 18:11:29 CST 2017]; root of context hierarchy
2017-09-06 18:11:29,965 - HV000001: Hibernate Validator 5.3.5.Final
2017-09-06 18:11:31,911 - Tomcat initialized with port(s): 8080 (http)
2017-09-06 18:11:31,926 - Starting service [Tomcat]
2017-09-06 18:11:31,926 - Starting Servlet Engine: Apache Tomcat/8.5.16
2017-09-06 18:11:31,994 - Initializing Spring embedded WebApplicationContext
2017-09-06 18:11:31,995 - Root WebApplicationContext: initialization completed in 2355 ms
2017-09-06 18:11:32,165 - Mapping servlet: 'dispatcherServlet' to [/]
2017-09-06 18:11:32,174 - Mapping filter: 'characterEncodingFilter' to: [/*]
2017-09-06 18:11:32,175 - Mapping filter: 'hiddenHttpMethodFilter' to: [/*]
2017-09-06 18:11:32,175 - Mapping filter: 'httpPutFormContentFilter' to: [/*]
2017-09-06 18:11:32,175 - Mapping filter: 'requestContextFilter' to: [/*]
2017-09-06 18:11:32,861 - Building JPA container EntityManagerFactory for persistence unit 'default'
2017-09-06 18:11:32,871 - HHH000204: Processing PersistenceUnitInfo [
	name: default
	...]
2017-09-06 18:11:32,918 - HHH000412: Hibernate Core {5.0.12.Final}
2017-09-06 18:11:32,920 - HHH000206: hibernate.properties not found
2017-09-06 18:11:32,921 - HHH000021: Bytecode provider name : javassist
2017-09-06 18:11:32,948 - HCANN000001: Hibernate Commons Annotations {5.0.1.Final}
2017-09-06 18:11:33,032 - HHH000400: Using dialect: org.hibernate.dialect.MySQL5Dialect
2017-09-06 18:11:33,546 - Initialized JPA EntityManagerFactory for persistence unit 'default'
2017-09-06 18:11:34,089 - Looking for @ControllerAdvice: org.springframework.boot.context.embedded.AnnotationConfigEmbeddedWebApplicationContext@1b1473ab: startup date [Wed Sep 06 18:11:29 CST 2017]; root of context hierarchy
2017-09-06 18:11:34,131 - Mapped "{[/buyer/order/create],methods=[POST]}" onto public com.imooc.vo.ResultVO<java.util.Map<java.lang.String, java.lang.String>> com.imooc.controller.BuyerOrderController.create(com.imooc.form.OrderForm,org.springframework.validation.BindingResult)
2017-09-06 18:11:34,132 - Mapped "{[/buyer/order/list],methods=[GET]}" onto public com.imooc.vo.ResultVO<java.util.List<com.imooc.dto.OrderDTO>> com.imooc.controller.BuyerOrderController.list(java.lang.String,java.lang.Integer,java.lang.Integer)
2017-09-06 18:11:34,132 - Mapped "{[/buyer/product/list],methods=[GET]}" onto public com.imooc.vo.ResultVO<java.util.List<com.imooc.vo.ProductVO>> com.imooc.controller.BuyerProductController.list()
2017-09-06 18:11:34,133 - Mapped "{[/error]}" onto public org.springframework.http.ResponseEntity<java.util.Map<java.lang.String, java.lang.Object>> org.springframework.boot.autoconfigure.web.BasicErrorController.error(javax.servlet.http.HttpServletRequest)
2017-09-06 18:11:34,134 - Mapped "{[/error],produces=[text/html]}" onto public org.springframework.web.servlet.ModelAndView org.springframework.boot.autoconfigure.web.BasicErrorController.errorHtml(javax.servlet.http.HttpServletRequest,javax.servlet.http.HttpServletResponse)
2017-09-06 18:11:34,154 - Mapped URL path [/webjars/**] onto handler of type [class org.springframework.web.servlet.resource.ResourceHttpRequestHandler]
2017-09-06 18:11:34,155 - Mapped URL path [/**] onto handler of type [class org.springframework.web.servlet.resource.ResourceHttpRequestHandler]
2017-09-06 18:11:34,185 - Mapped URL path [/**/favicon.ico] onto handler of type [class org.springframework.web.servlet.resource.ResourceHttpRequestHandler]
2017-09-06 18:11:34,394 - Registering beans for JMX exposure on startup
2017-09-06 18:11:34,407 - Initializing ProtocolHandler ["http-nio-8080"]
2017-09-06 18:11:34,413 - Starting ProtocolHandler ["http-nio-8080"]
2017-09-06 18:11:34,422 - Using a shared selector for servlet write/read
2017-09-06 18:11:34,434 - Tomcat started on port(s): 8080 (http)
2017-09-06 18:11:34,439 - Started SellApplication in 5.546 seconds (JVM running for 6.076)
2017-09-06 18:13:22,774 - Starting SellApplication on DESKTOP-PU1H1F5 with PID 756 (D:\java\sell\target\classes started by 李金香 in D:\java\sell)
2017-09-06 18:13:22,776 - No active profile set, falling back to default profiles: default
2017-09-06 18:13:22,813 - Refreshing org.springframework.boot.context.embedded.AnnotationConfigEmbeddedWebApplicationContext@6ef888f6: startup date [Wed Sep 06 18:13:22 CST 2017]; root of context hierarchy
2017-09-06 18:13:23,052 - HV000001: Hibernate Validator 5.3.5.Final
2017-09-06 18:13:25,116 - Tomcat initialized with port(s): 8080 (http)
2017-09-06 18:13:25,124 - Starting service [Tomcat]
2017-09-06 18:13:25,125 - Starting Servlet Engine: Apache Tomcat/8.5.16
2017-09-06 18:13:25,197 - Initializing Spring embedded WebApplicationContext
2017-09-06 18:13:25,197 - Root WebApplicationContext: initialization completed in 2384 ms
2017-09-06 18:13:25,332 - Mapping servlet: 'dispatcherServlet' to [/]
2017-09-06 18:13:25,336 - Mapping filter: 'characterEncodingFilter' to: [/*]
2017-09-06 18:13:25,337 - Mapping filter: 'hiddenHttpMethodFilter' to: [/*]
2017-09-06 18:13:25,337 - Mapping filter: 'httpPutFormContentFilter' to: [/*]
2017-09-06 18:13:25,338 - Mapping filter: 'requestContextFilter' to: [/*]
2017-09-06 18:13:25,805 - Building JPA container EntityManagerFactory for persistence unit 'default'
2017-09-06 18:13:25,813 - HHH000204: Processing PersistenceUnitInfo [
	name: default
	...]
2017-09-06 18:13:25,858 - HHH000412: Hibernate Core {5.0.12.Final}
2017-09-06 18:13:25,858 - HHH000206: hibernate.properties not found
2017-09-06 18:13:25,859 - HHH000021: Bytecode provider name : javassist
2017-09-06 18:13:25,886 - HCANN000001: Hibernate Commons Annotations {5.0.1.Final}
2017-09-06 18:13:25,956 - HHH000400: Using dialect: org.hibernate.dialect.MySQL5Dialect
2017-09-06 18:13:26,380 - Initialized JPA EntityManagerFactory for persistence unit 'default'
2017-09-06 18:13:26,867 - Looking for @ControllerAdvice: org.springframework.boot.context.embedded.AnnotationConfigEmbeddedWebApplicationContext@6ef888f6: startup date [Wed Sep 06 18:13:22 CST 2017]; root of context hierarchy
2017-09-06 18:13:26,921 - Mapped "{[/buyer/order/create],methods=[POST]}" onto public com.imooc.vo.ResultVO<java.util.Map<java.lang.String, java.lang.String>> com.imooc.controller.BuyerOrderController.create(com.imooc.form.OrderForm,org.springframework.validation.BindingResult)
2017-09-06 18:13:26,922 - Mapped "{[/buyer/order/list],methods=[GET]}" onto public com.imooc.vo.ResultVO<java.util.List<com.imooc.dto.OrderDTO>> com.imooc.controller.BuyerOrderController.list(java.lang.String,java.lang.Integer,java.lang.Integer)
2017-09-06 18:13:26,924 - Mapped "{[/buyer/product/list],methods=[GET]}" onto public com.imooc.vo.ResultVO<java.util.List<com.imooc.vo.ProductVO>> com.imooc.controller.BuyerProductController.list()
2017-09-06 18:13:26,925 - Mapped "{[/error]}" onto public org.springframework.http.ResponseEntity<java.util.Map<java.lang.String, java.lang.Object>> org.springframework.boot.autoconfigure.web.BasicErrorController.error(javax.servlet.http.HttpServletRequest)
2017-09-06 18:13:26,926 - Mapped "{[/error],produces=[text/html]}" onto public org.springframework.web.servlet.ModelAndView org.springframework.boot.autoconfigure.web.BasicErrorController.errorHtml(javax.servlet.http.HttpServletRequest,javax.servlet.http.HttpServletResponse)
2017-09-06 18:13:26,945 - Mapped URL path [/webjars/**] onto handler of type [class org.springframework.web.servlet.resource.ResourceHttpRequestHandler]
2017-09-06 18:13:26,945 - Mapped URL path [/**] onto handler of type [class org.springframework.web.servlet.resource.ResourceHttpRequestHandler]
2017-09-06 18:13:26,969 - Mapped URL path [/**/favicon.ico] onto handler of type [class org.springframework.web.servlet.resource.ResourceHttpRequestHandler]
2017-09-06 18:13:27,175 - Registering beans for JMX exposure on startup
2017-09-06 18:13:27,186 - Initializing ProtocolHandler ["http-nio-8080"]
2017-09-06 18:13:27,195 - Starting ProtocolHandler ["http-nio-8080"]
2017-09-06 18:13:27,206 - Using a shared selector for servlet write/read
2017-09-06 18:13:27,231 - Tomcat started on port(s): 8080 (http)
2017-09-06 18:13:27,236 - Started SellApplication in 4.851 seconds (JVM running for 5.334)
2017-09-06 18:13:31,589 - A cookie header was received [1499746243,1499824953,1499997679; Idea-10cb269a=ff61daa7-9589-43b8-894b-538283fffc08] that contained an invalid cookie. That cookie will be ignored.Note: further occurrences of this error will be logged at DEBUG level.
2017-09-06 18:13:31,595 - Initializing Spring FrameworkServlet 'dispatcherServlet'
2017-09-06 18:13:31,595 - FrameworkServlet 'dispatcherServlet': initialization started
2017-09-06 18:13:31,610 - FrameworkServlet 'dispatcherServlet': initialization completed in 15 ms
2017-09-06 18:13:31,650 - HHH000397: Using ASTQueryTranslatorFactory
2017-09-06 18:31:45,194 - Starting SellApplication on DESKTOP-PU1H1F5 with PID 10864 (D:\java\sell\target\classes started by 李金香 in D:\java\sell)
2017-09-06 18:31:45,199 - No active profile set, falling back to default profiles: default
2017-09-06 18:31:45,278 - Refreshing org.springframework.boot.context.embedded.AnnotationConfigEmbeddedWebApplicationContext@6ef888f6: startup date [Wed Sep 06 18:31:45 CST 2017]; root of context hierarchy
2017-09-06 18:31:45,675 - HV000001: Hibernate Validator 5.3.5.Final
2017-09-06 18:31:47,363 - Tomcat initialized with port(s): 8080 (http)
2017-09-06 18:31:47,385 - Starting service [Tomcat]
2017-09-06 18:31:47,386 - Starting Servlet Engine: Apache Tomcat/8.5.16
2017-09-06 18:31:47,516 - Initializing Spring embedded WebApplicationContext
2017-09-06 18:31:47,516 - Root WebApplicationContext: initialization completed in 2238 ms
2017-09-06 18:31:47,774 - Mapping servlet: 'dispatcherServlet' to [/]
2017-09-06 18:31:47,780 - Mapping filter: 'characterEncodingFilter' to: [/*]
2017-09-06 18:31:47,780 - Mapping filter: 'hiddenHttpMethodFilter' to: [/*]
2017-09-06 18:31:47,781 - Mapping filter: 'httpPutFormContentFilter' to: [/*]
2017-09-06 18:31:47,781 - Mapping filter: 'requestContextFilter' to: [/*]
2017-09-06 18:31:48,322 - Building JPA container EntityManagerFactory for persistence unit 'default'
2017-09-06 18:31:48,331 - HHH000204: Processing PersistenceUnitInfo [
	name: default
	...]
2017-09-06 18:31:48,424 - HHH000412: Hibernate Core {5.0.12.Final}
2017-09-06 18:31:48,425 - HHH000206: hibernate.properties not found
2017-09-06 18:31:48,426 - HHH000021: Bytecode provider name : javassist
2017-09-06 18:31:48,463 - HCANN000001: Hibernate Commons Annotations {5.0.1.Final}
2017-09-06 18:31:48,571 - HHH000400: Using dialect: org.hibernate.dialect.MySQL5Dialect
2017-09-06 18:31:48,966 - Initialized JPA EntityManagerFactory for persistence unit 'default'
2017-09-06 18:31:49,362 - Looking for @ControllerAdvice: org.springframework.boot.context.embedded.AnnotationConfigEmbeddedWebApplicationContext@6ef888f6: startup date [Wed Sep 06 18:31:45 CST 2017]; root of context hierarchy
2017-09-06 18:31:49,402 - Mapped "{[/buyer/order/create],methods=[POST]}" onto public com.imooc.vo.ResultVO<java.util.Map<java.lang.String, java.lang.String>> com.imooc.controller.BuyerOrderController.create(com.imooc.form.OrderForm,org.springframework.validation.BindingResult)
2017-09-06 18:31:49,403 - Mapped "{[/buyer/order/list],methods=[GET]}" onto public com.imooc.vo.ResultVO<java.util.List<com.imooc.dto.OrderDTO>> com.imooc.controller.BuyerOrderController.list(java.lang.String,java.lang.Integer,java.lang.Integer)
2017-09-06 18:31:49,403 - Mapped "{[/buyer/order/detail],methods=[GET]}" onto public com.imooc.vo.ResultVO<com.imooc.dto.OrderDTO> com.imooc.controller.BuyerOrderController.detail(java.lang.String,java.lang.String)
2017-09-06 18:31:49,404 - Mapped "{[/buyer/product/list],methods=[GET]}" onto public com.imooc.vo.ResultVO<java.util.List<com.imooc.vo.ProductVO>> com.imooc.controller.BuyerProductController.list()
2017-09-06 18:31:49,405 - Mapped "{[/error]}" onto public org.springframework.http.ResponseEntity<java.util.Map<java.lang.String, java.lang.Object>> org.springframework.boot.autoconfigure.web.BasicErrorController.error(javax.servlet.http.HttpServletRequest)
2017-09-06 18:31:49,406 - Mapped "{[/error],produces=[text/html]}" onto public org.springframework.web.servlet.ModelAndView org.springframework.boot.autoconfigure.web.BasicErrorController.errorHtml(javax.servlet.http.HttpServletRequest,javax.servlet.http.HttpServletResponse)
2017-09-06 18:31:49,424 - Mapped URL path [/webjars/**] onto handler of type [class org.springframework.web.servlet.resource.ResourceHttpRequestHandler]
2017-09-06 18:31:49,424 - Mapped URL path [/**] onto handler of type [class org.springframework.web.servlet.resource.ResourceHttpRequestHandler]
2017-09-06 18:31:49,446 - Mapped URL path [/**/favicon.ico] onto handler of type [class org.springframework.web.servlet.resource.ResourceHttpRequestHandler]
2017-09-06 18:31:49,626 - Registering beans for JMX exposure on startup
2017-09-06 18:31:49,639 - Initializing ProtocolHandler ["http-nio-8080"]
2017-09-06 18:31:49,646 - Starting ProtocolHandler ["http-nio-8080"]
2017-09-06 18:31:49,656 - Using a shared selector for servlet write/read
2017-09-06 18:31:49,667 - Tomcat started on port(s): 8080 (http)
2017-09-06 18:31:49,672 - Started SellApplication in 5.146 seconds (JVM running for 5.693)
2017-09-06 18:32:42,111 - A cookie header was received [1499746243,1499824953,1499997679; Idea-10cb269a=ff61daa7-9589-43b8-894b-538283fffc08] that contained an invalid cookie. That cookie will be ignored.Note: further occurrences of this error will be logged at DEBUG level.
2017-09-06 18:32:42,116 - Initializing Spring FrameworkServlet 'dispatcherServlet'
2017-09-06 18:32:42,116 - FrameworkServlet 'dispatcherServlet': initialization started
2017-09-06 18:32:42,131 - FrameworkServlet 'dispatcherServlet': initialization completed in 15 ms
2017-09-06 18:32:42,169 - HHH000397: Using ASTQueryTranslatorFactory
2017-09-06 19:39:03,941 - Starting SellApplication on DESKTOP-PU1H1F5 with PID 10960 (D:\java\sell\target\classes started by 李金香 in D:\java\sell)
2017-09-06 19:39:03,958 - No active profile set, falling back to default profiles: default
2017-09-06 19:39:04,104 - Refreshing org.springframework.boot.context.embedded.AnnotationConfigEmbeddedWebApplicationContext@6ef888f6: startup date [Wed Sep 06 19:39:04 CST 2017]; root of context hierarchy
2017-09-06 19:39:05,052 - HV000001: Hibernate Validator 5.3.5.Final
2017-09-06 19:39:08,943 - Tomcat initialized with port(s): 8080 (http)
2017-09-06 19:39:08,958 - Starting service [Tomcat]
2017-09-06 19:39:08,960 - Starting Servlet Engine: Apache Tomcat/8.5.16
2017-09-06 19:39:09,088 - Initializing Spring embedded WebApplicationContext
2017-09-06 19:39:09,088 - Root WebApplicationContext: initialization completed in 4984 ms
2017-09-06 19:39:09,238 - Mapping servlet: 'dispatcherServlet' to [/]
2017-09-06 19:39:09,241 - Mapping filter: 'characterEncodingFilter' to: [/*]
2017-09-06 19:39:09,242 - Mapping filter: 'hiddenHttpMethodFilter' to: [/*]
2017-09-06 19:39:09,242 - Mapping filter: 'httpPutFormContentFilter' to: [/*]
2017-09-06 19:39:09,242 - Mapping filter: 'requestContextFilter' to: [/*]
2017-09-06 19:39:09,946 - Building JPA container EntityManagerFactory for persistence unit 'default'
2017-09-06 19:39:10,078 - HHH000204: Processing PersistenceUnitInfo [
	name: default
	...]
2017-09-06 19:39:10,212 - HHH000412: Hibernate Core {5.0.12.Final}
2017-09-06 19:39:10,213 - HHH000206: hibernate.properties not found
2017-09-06 19:39:10,214 - HHH000021: Bytecode provider name : javassist
2017-09-06 19:39:10,279 - HCANN000001: Hibernate Commons Annotations {5.0.1.Final}
2017-09-06 19:39:10,414 - HHH000400: Using dialect: org.hibernate.dialect.MySQL5Dialect
2017-09-06 19:39:11,138 - Initialized JPA EntityManagerFactory for persistence unit 'default'
2017-09-06 19:39:11,769 - Looking for @ControllerAdvice: org.springframework.boot.context.embedded.AnnotationConfigEmbeddedWebApplicationContext@6ef888f6: startup date [Wed Sep 06 19:39:04 CST 2017]; root of context hierarchy
2017-09-06 19:39:11,821 - Mapped "{[/buyer/order/create],methods=[POST]}" onto public com.imooc.vo.ResultVO<java.util.Map<java.lang.String, java.lang.String>> com.imooc.controller.BuyerOrderController.create(com.imooc.form.OrderForm,org.springframework.validation.BindingResult)
2017-09-06 19:39:11,821 - Mapped "{[/buyer/order/list],methods=[GET]}" onto public com.imooc.vo.ResultVO<java.util.List<com.imooc.dto.OrderDTO>> com.imooc.controller.BuyerOrderController.list(java.lang.String,java.lang.Integer,java.lang.Integer)
2017-09-06 19:39:11,822 - Mapped "{[/buyer/order/detail],methods=[GET]}" onto public com.imooc.vo.ResultVO<com.imooc.dto.OrderDTO> com.imooc.controller.BuyerOrderController.detail(java.lang.String,java.lang.String)
2017-09-06 19:39:11,822 - Mapped "{[/buyer/order/cancel],methods=[GET]}" onto public com.imooc.vo.ResultVO<com.imooc.dto.OrderDTO> com.imooc.controller.BuyerOrderController.cancel(java.lang.String,java.lang.String)
2017-09-06 19:39:11,822 - Mapped "{[/buyer/product/list],methods=[GET]}" onto public com.imooc.vo.ResultVO<java.util.List<com.imooc.vo.ProductVO>> com.imooc.controller.BuyerProductController.list()
2017-09-06 19:39:11,824 - Mapped "{[/error]}" onto public org.springframework.http.ResponseEntity<java.util.Map<java.lang.String, java.lang.Object>> org.springframework.boot.autoconfigure.web.BasicErrorController.error(javax.servlet.http.HttpServletRequest)
2017-09-06 19:39:11,825 - Mapped "{[/error],produces=[text/html]}" onto public org.springframework.web.servlet.ModelAndView org.springframework.boot.autoconfigure.web.BasicErrorController.errorHtml(javax.servlet.http.HttpServletRequest,javax.servlet.http.HttpServletResponse)
2017-09-06 19:39:11,845 - Mapped URL path [/webjars/**] onto handler of type [class org.springframework.web.servlet.resource.ResourceHttpRequestHandler]
2017-09-06 19:39:11,845 - Mapped URL path [/**] onto handler of type [class org.springframework.web.servlet.resource.ResourceHttpRequestHandler]
2017-09-06 19:39:11,871 - Mapped URL path [/**/favicon.ico] onto handler of type [class org.springframework.web.servlet.resource.ResourceHttpRequestHandler]
2017-09-06 19:39:12,187 - Registering beans for JMX exposure on startup
2017-09-06 19:39:12,220 - Initializing ProtocolHandler ["http-nio-8080"]
2017-09-06 19:39:12,229 - Starting ProtocolHandler ["http-nio-8080"]
2017-09-06 19:39:12,238 - Using a shared selector for servlet write/read
2017-09-06 19:39:12,257 - Tomcat started on port(s): 8080 (http)
2017-09-06 19:39:12,283 - Started SellApplication in 9.99 seconds (JVM running for 10.942)
2017-09-06 19:40:09,450 - Starting SellApplication on DESKTOP-PU1H1F5 with PID 5188 (D:\java\sell\target\classes started by 李金香 in D:\java\sell)
2017-09-06 19:40:09,454 - No active profile set, falling back to default profiles: default
2017-09-06 19:40:09,515 - Refreshing org.springframework.boot.context.embedded.AnnotationConfigEmbeddedWebApplicationContext@6ef888f6: startup date [Wed Sep 06 19:40:09 CST 2017]; root of context hierarchy
2017-09-06 19:40:09,981 - HV000001: Hibernate Validator 5.3.5.Final
2017-09-06 19:40:11,991 - Tomcat initialized with port(s): 8080 (http)
2017-09-06 19:40:12,001 - Starting service [Tomcat]
2017-09-06 19:40:12,002 - Starting Servlet Engine: Apache Tomcat/8.5.16
2017-09-06 19:40:12,091 - Initializing Spring embedded WebApplicationContext
2017-09-06 19:40:12,092 - Root WebApplicationContext: initialization completed in 2577 ms
2017-09-06 19:40:12,214 - Mapping servlet: 'dispatcherServlet' to [/]
2017-09-06 19:40:12,218 - Mapping filter: 'characterEncodingFilter' to: [/*]
2017-09-06 19:40:12,218 - Mapping filter: 'hiddenHttpMethodFilter' to: [/*]
2017-09-06 19:40:12,218 - Mapping filter: 'httpPutFormContentFilter' to: [/*]
2017-09-06 19:40:12,218 - Mapping filter: 'requestContextFilter' to: [/*]
2017-09-06 19:40:12,813 - Building JPA container EntityManagerFactory for persistence unit 'default'
2017-09-06 19:40:12,822 - HHH000204: Processing PersistenceUnitInfo [
	name: default
	...]
2017-09-06 19:40:12,872 - HHH000412: Hibernate Core {5.0.12.Final}
2017-09-06 19:40:12,875 - HHH000206: hibernate.properties not found
2017-09-06 19:40:12,877 - HHH000021: Bytecode provider name : javassist
2017-09-06 19:40:12,907 - HCANN000001: Hibernate Commons Annotations {5.0.1.Final}
2017-09-06 19:40:12,996 - HHH000400: Using dialect: org.hibernate.dialect.MySQL5Dialect
2017-09-06 19:40:13,468 - Initialized JPA EntityManagerFactory for persistence unit 'default'
2017-09-06 19:40:14,071 - Looking for @ControllerAdvice: org.springframework.boot.context.embedded.AnnotationConfigEmbeddedWebApplicationContext@6ef888f6: startup date [Wed Sep 06 19:40:09 CST 2017]; root of context hierarchy
2017-09-06 19:40:14,123 - Mapped "{[/buyer/order/create],methods=[POST]}" onto public com.imooc.vo.ResultVO<java.util.Map<java.lang.String, java.lang.String>> com.imooc.controller.BuyerOrderController.create(com.imooc.form.OrderForm,org.springframework.validation.BindingResult)
2017-09-06 19:40:14,124 - Mapped "{[/buyer/order/list],methods=[GET]}" onto public com.imooc.vo.ResultVO<java.util.List<com.imooc.dto.OrderDTO>> com.imooc.controller.BuyerOrderController.list(java.lang.String,java.lang.Integer,java.lang.Integer)
2017-09-06 19:40:14,124 - Mapped "{[/buyer/order/cancel],methods=[POST]}" onto public com.imooc.vo.ResultVO<com.imooc.dto.OrderDTO> com.imooc.controller.BuyerOrderController.cancel(java.lang.String,java.lang.String)
2017-09-06 19:40:14,125 - Mapped "{[/buyer/order/detail],methods=[GET]}" onto public com.imooc.vo.ResultVO<com.imooc.dto.OrderDTO> com.imooc.controller.BuyerOrderController.detail(java.lang.String,java.lang.String)
2017-09-06 19:40:14,126 - Mapped "{[/buyer/product/list],methods=[GET]}" onto public com.imooc.vo.ResultVO<java.util.List<com.imooc.vo.ProductVO>> com.imooc.controller.BuyerProductController.list()
2017-09-06 19:40:14,129 - Mapped "{[/error]}" onto public org.springframework.http.ResponseEntity<java.util.Map<java.lang.String, java.lang.Object>> org.springframework.boot.autoconfigure.web.BasicErrorController.error(javax.servlet.http.HttpServletRequest)
2017-09-06 19:40:14,129 - Mapped "{[/error],produces=[text/html]}" onto public org.springframework.web.servlet.ModelAndView org.springframework.boot.autoconfigure.web.BasicErrorController.errorHtml(javax.servlet.http.HttpServletRequest,javax.servlet.http.HttpServletResponse)
2017-09-06 19:40:14,152 - Mapped URL path [/webjars/**] onto handler of type [class org.springframework.web.servlet.resource.ResourceHttpRequestHandler]
2017-09-06 19:40:14,153 - Mapped URL path [/**] onto handler of type [class org.springframework.web.servlet.resource.ResourceHttpRequestHandler]
2017-09-06 19:40:14,183 - Mapped URL path [/**/favicon.ico] onto handler of type [class org.springframework.web.servlet.resource.ResourceHttpRequestHandler]
2017-09-06 19:40:14,418 - Registering beans for JMX exposure on startup
2017-09-06 19:40:14,438 - Initializing ProtocolHandler ["http-nio-8080"]
2017-09-06 19:40:14,450 - Starting ProtocolHandler ["http-nio-8080"]
2017-09-06 19:40:14,462 - Using a shared selector for servlet write/read
2017-09-06 19:40:14,485 - Tomcat started on port(s): 8080 (http)
2017-09-06 19:40:14,490 - Started SellApplication in 5.517 seconds (JVM running for 6.329)
2017-09-06 19:42:28,820 - A cookie header was received [1499746243,1499824953,1499997679; Idea-10cb269a=ff61daa7-9589-43b8-894b-538283fffc08] that contained an invalid cookie. That cookie will be ignored.Note: further occurrences of this error will be logged at DEBUG level.
2017-09-06 19:42:28,827 - Initializing Spring FrameworkServlet 'dispatcherServlet'
2017-09-06 19:42:28,827 - FrameworkServlet 'dispatcherServlet': initialization started
2017-09-06 19:42:28,853 - FrameworkServlet 'dispatcherServlet': initialization completed in 25 ms
2017-09-06 19:42:29,134 - HHH000397: Using ASTQueryTranslatorFactory
