2017-08-21 19:04:53,008 - Starting SellApplication on DESKTOP-PU1H1F5 with PID 2476 (D:\java\sell\target\classes started by 李金香 in D:\java\sell)
2017-08-21 19:04:53,011 - No active profile set, falling back to default profiles: default
2017-08-21 19:04:53,127 - Refreshing org.springframework.boot.context.embedded.AnnotationConfigEmbeddedWebApplicationContext@3aefe5e5: startup date [Mon Aug 21 19:04:53 CST 2017]; root of context hierarchy
2017-08-21 19:04:53,621 - HV000001: Hibernate Validator 5.3.5.Final
2017-08-21 19:04:57,499 - Tomcat initialized with port(s): 8080 (http)
2017-08-21 19:04:57,522 - Starting service [Tomcat]
2017-08-21 19:04:57,523 - Starting Servlet Engine: Apache Tomcat/8.5.16
2017-08-21 19:04:57,655 - Initializing Spring embedded WebApplicationContext
2017-08-21 19:04:57,655 - Root WebApplicationContext: initialization completed in 4528 ms
2017-08-21 19:04:57,798 - Mapping servlet: 'dispatcherServlet' to [/]
2017-08-21 19:04:57,802 - Mapping filter: 'characterEncodingFilter' to: [/*]
2017-08-21 19:04:57,803 - Mapping filter: 'hiddenHttpMethodFilter' to: [/*]
2017-08-21 19:04:57,803 - Mapping filter: 'httpPutFormContentFilter' to: [/*]
2017-08-21 19:04:57,803 - Mapping filter: 'requestContextFilter' to: [/*]
2017-08-21 19:05:19,713 - Unable to determine jdbc url from datasource
org.springframework.jdbc.support.MetaDataAccessException: Could not get Connection for extracting meta data; nested exception is org.springframework.jdbc.CannotGetJdbcConnectionException: Could not get JDBC Connection; nested exception is com.mysql.jdbc.exceptions.jdbc4.CommunicationsException: Communications link failure

The last packet sent successfully to the server was 0 milliseconds ago. The driver has not received any packets from the server.
	at org.springframework.jdbc.support.JdbcUtils.extractDatabaseMetaData(JdbcUtils.java:339)
	at org.springframework.jdbc.support.JdbcUtils.extractDatabaseMetaData(JdbcUtils.java:366)
	at org.springframework.boot.autoconfigure.orm.jpa.DatabaseLookup.getDatabase(DatabaseLookup.java:72)
	at org.springframework.boot.autoconfigure.orm.jpa.JpaProperties.determineDatabase(JpaProperties.java:139)
	at org.springframework.boot.autoconfigure.orm.jpa.JpaBaseConfiguration.jpaVendorAdapter(JpaBaseConfiguration.java:105)
	at org.springframework.boot.autoconfigure.orm.jpa.HibernateJpaAutoConfiguration$$EnhancerBySpringCGLIB$$63834db5.CGLIB$jpaVendorAdapter$4(<generated>)
	at org.springframework.boot.autoconfigure.orm.jpa.HibernateJpaAutoConfiguration$$EnhancerBySpringCGLIB$$63834db5$$FastClassBySpringCGLIB$$d8736c79.invoke(<generated>)
	at org.springframework.cglib.proxy.MethodProxy.invokeSuper(MethodProxy.java:228)
	at org.springframework.context.annotation.ConfigurationClassEnhancer$BeanMethodInterceptor.intercept(ConfigurationClassEnhancer.java:358)
	at org.springframework.boot.autoconfigure.orm.jpa.HibernateJpaAutoConfiguration$$EnhancerBySpringCGLIB$$63834db5.jpaVendorAdapter(<generated>)
	at sun.reflect.NativeMethodAccessorImpl.invoke0(Native Method)
	at sun.reflect.NativeMethodAccessorImpl.invoke(NativeMethodAccessorImpl.java:62)
	at sun.reflect.DelegatingMethodAccessorImpl.invoke(DelegatingMethodAccessorImpl.java:43)
	at java.lang.reflect.Method.invoke(Method.java:498)
	at org.springframework.beans.factory.support.SimpleInstantiationStrategy.instantiate(SimpleInstantiationStrategy.java:162)
	at org.springframework.beans.factory.support.ConstructorResolver.instantiateUsingFactoryMethod(ConstructorResolver.java:588)
	at org.springframework.beans.factory.support.AbstractAutowireCapableBeanFactory.instantiateUsingFactoryMethod(AbstractAutowireCapableBeanFactory.java:1173)
	at org.springframework.beans.factory.support.AbstractAutowireCapableBeanFactory.createBeanInstance(AbstractAutowireCapableBeanFactory.java:1067)
	at org.springframework.beans.factory.support.AbstractAutowireCapableBeanFactory.doCreateBean(AbstractAutowireCapableBeanFactory.java:513)
	at org.springframework.beans.factory.support.AbstractAutowireCapableBeanFactory.createBean(AbstractAutowireCapableBeanFactory.java:483)
	at org.springframework.beans.factory.support.AbstractBeanFactory$1.getObject(AbstractBeanFactory.java:306)
	at org.springframework.beans.factory.support.DefaultSingletonBeanRegistry.getSingleton(DefaultSingletonBeanRegistry.java:230)
	at org.springframework.beans.factory.support.AbstractBeanFactory.doGetBean(AbstractBeanFactory.java:302)
	at org.springframework.beans.factory.support.AbstractBeanFactory.getBean(AbstractBeanFactory.java:202)
	at org.springframework.beans.factory.config.DependencyDescriptor.resolveCandidate(DependencyDescriptor.java:208)
	at org.springframework.beans.factory.support.DefaultListableBeanFactory.doResolveDependency(DefaultListableBeanFactory.java:1138)
	at org.springframework.beans.factory.support.DefaultListableBeanFactory.resolveDependency(DefaultListableBeanFactory.java:1066)
	at org.springframework.beans.factory.support.ConstructorResolver.resolveAutowiredArgument(ConstructorResolver.java:835)
	at org.springframework.beans.factory.support.ConstructorResolver.createArgumentArray(ConstructorResolver.java:741)
	at org.springframework.beans.factory.support.ConstructorResolver.instantiateUsingFactoryMethod(ConstructorResolver.java:467)
	at org.springframework.beans.factory.support.AbstractAutowireCapableBeanFactory.instantiateUsingFactoryMethod(AbstractAutowireCapableBeanFactory.java:1173)
	at org.springframework.beans.factory.support.AbstractAutowireCapableBeanFactory.createBeanInstance(AbstractAutowireCapableBeanFactory.java:1067)
	at org.springframework.beans.factory.support.AbstractAutowireCapableBeanFactory.doCreateBean(AbstractAutowireCapableBeanFactory.java:513)
	at org.springframework.beans.factory.support.AbstractAutowireCapableBeanFactory.createBean(AbstractAutowireCapableBeanFactory.java:483)
	at org.springframework.beans.factory.support.AbstractBeanFactory$1.getObject(AbstractBeanFactory.java:306)
	at org.springframework.beans.factory.support.DefaultSingletonBeanRegistry.getSingleton(DefaultSingletonBeanRegistry.java:230)
	at org.springframework.beans.factory.support.AbstractBeanFactory.doGetBean(AbstractBeanFactory.java:302)
	at org.springframework.beans.factory.support.AbstractBeanFactory.getBean(AbstractBeanFactory.java:202)
	at org.springframework.beans.factory.config.DependencyDescriptor.resolveCandidate(DependencyDescriptor.java:208)
	at org.springframework.beans.factory.support.DefaultListableBeanFactory.doResolveDependency(DefaultListableBeanFactory.java:1138)
	at org.springframework.beans.factory.support.DefaultListableBeanFactory.resolveDependency(DefaultListableBeanFactory.java:1066)
	at org.springframework.beans.factory.support.ConstructorResolver.resolveAutowiredArgument(ConstructorResolver.java:835)
	at org.springframework.beans.factory.support.ConstructorResolver.createArgumentArray(ConstructorResolver.java:741)
	at org.springframework.beans.factory.support.ConstructorResolver.instantiateUsingFactoryMethod(ConstructorResolver.java:467)
	at org.springframework.beans.factory.support.AbstractAutowireCapableBeanFactory.instantiateUsingFactoryMethod(AbstractAutowireCapableBeanFactory.java:1173)
	at org.springframework.beans.factory.support.AbstractAutowireCapableBeanFactory.createBeanInstance(AbstractAutowireCapableBeanFactory.java:1067)
	at org.springframework.beans.factory.support.AbstractAutowireCapableBeanFactory.doCreateBean(AbstractAutowireCapableBeanFactory.java:513)
	at org.springframework.beans.factory.support.AbstractAutowireCapableBeanFactory.createBean(AbstractAutowireCapableBeanFactory.java:483)
	at org.springframework.beans.factory.support.AbstractBeanFactory$1.getObject(AbstractBeanFactory.java:306)
	at org.springframework.beans.factory.support.DefaultSingletonBeanRegistry.getSingleton(DefaultSingletonBeanRegistry.java:230)
	at org.springframework.beans.factory.support.AbstractBeanFactory.doGetBean(AbstractBeanFactory.java:302)
	at org.springframework.beans.factory.support.AbstractBeanFactory.getBean(AbstractBeanFactory.java:197)
	at org.springframework.context.support.AbstractApplicationContext.getBean(AbstractApplicationContext.java:1078)
	at org.springframework.context.support.AbstractApplicationContext.finishBeanFactoryInitialization(AbstractApplicationContext.java:857)
	at org.springframework.context.support.AbstractApplicationContext.refresh(AbstractApplicationContext.java:543)
	at org.springframework.boot.context.embedded.EmbeddedWebApplicationContext.refresh(EmbeddedWebApplicationContext.java:122)
	at org.springframework.boot.SpringApplication.refresh(SpringApplication.java:693)
	at org.springframework.boot.SpringApplication.refreshContext(SpringApplication.java:360)
	at org.springframework.boot.SpringApplication.run(SpringApplication.java:303)
	at org.springframework.boot.SpringApplication.run(SpringApplication.java:1118)
	at org.springframework.boot.SpringApplication.run(SpringApplication.java:1107)
	at com.imooc.SellApplication.main(SellApplication.java:10)
Caused by: org.springframework.jdbc.CannotGetJdbcConnectionException: Could not get JDBC Connection; nested exception is com.mysql.jdbc.exceptions.jdbc4.CommunicationsException: Communications link failure

The last packet sent successfully to the server was 0 milliseconds ago. The driver has not received any packets from the server.
	at org.springframework.jdbc.datasource.DataSourceUtils.getConnection(DataSourceUtils.java:80)
	at org.springframework.jdbc.support.JdbcUtils.extractDatabaseMetaData(JdbcUtils.java:326)
	... 61 common frames omitted
Caused by: com.mysql.jdbc.exceptions.jdbc4.CommunicationsException: Communications link failure

The last packet sent successfully to the server was 0 milliseconds ago. The driver has not received any packets from the server.
	at sun.reflect.NativeConstructorAccessorImpl.newInstance0(Native Method)
	at sun.reflect.NativeConstructorAccessorImpl.newInstance(NativeConstructorAccessorImpl.java:62)
	at sun.reflect.DelegatingConstructorAccessorImpl.newInstance(DelegatingConstructorAccessorImpl.java:45)
	at java.lang.reflect.Constructor.newInstance(Constructor.java:423)
	at com.mysql.jdbc.Util.handleNewInstance(Util.java:425)
	at com.mysql.jdbc.SQLError.createCommunicationsException(SQLError.java:989)
	at com.mysql.jdbc.MysqlIO.<init>(MysqlIO.java:341)
	at com.mysql.jdbc.ConnectionImpl.coreConnect(ConnectionImpl.java:2196)
	at com.mysql.jdbc.ConnectionImpl.connectOneTryOnly(ConnectionImpl.java:2229)
	at com.mysql.jdbc.ConnectionImpl.createNewIO(ConnectionImpl.java:2024)
	at com.mysql.jdbc.ConnectionImpl.<init>(ConnectionImpl.java:779)
	at com.mysql.jdbc.JDBC4Connection.<init>(JDBC4Connection.java:47)
	at sun.reflect.NativeConstructorAccessorImpl.newInstance0(Native Method)
	at sun.reflect.NativeConstructorAccessorImpl.newInstance(NativeConstructorAccessorImpl.java:62)
	at sun.reflect.DelegatingConstructorAccessorImpl.newInstance(DelegatingConstructorAccessorImpl.java:45)
	at java.lang.reflect.Constructor.newInstance(Constructor.java:423)
	at com.mysql.jdbc.Util.handleNewInstance(Util.java:425)
	at com.mysql.jdbc.ConnectionImpl.getInstance(ConnectionImpl.java:389)
	at com.mysql.jdbc.NonRegisteringDriver.connect(NonRegisteringDriver.java:330)
	at org.apache.tomcat.jdbc.pool.PooledConnection.connectUsingDriver(PooledConnection.java:310)
	at org.apache.tomcat.jdbc.pool.PooledConnection.connect(PooledConnection.java:203)
	at org.apache.tomcat.jdbc.pool.ConnectionPool.createConnection(ConnectionPool.java:735)
	at org.apache.tomcat.jdbc.pool.ConnectionPool.borrowConnection(ConnectionPool.java:667)
	at org.apache.tomcat.jdbc.pool.ConnectionPool.init(ConnectionPool.java:482)
	at org.apache.tomcat.jdbc.pool.ConnectionPool.<init>(ConnectionPool.java:154)
	at org.apache.tomcat.jdbc.pool.DataSourceProxy.pCreatePool(DataSourceProxy.java:118)
	at org.apache.tomcat.jdbc.pool.DataSourceProxy.createPool(DataSourceProxy.java:107)
	at org.apache.tomcat.jdbc.pool.DataSourceProxy.getConnection(DataSourceProxy.java:131)
	at org.springframework.jdbc.datasource.DataSourceUtils.doGetConnection(DataSourceUtils.java:111)
	at org.springframework.jdbc.datasource.DataSourceUtils.getConnection(DataSourceUtils.java:77)
	... 62 common frames omitted
Caused by: java.net.ConnectException: Connection timed out: connect
	at java.net.DualStackPlainSocketImpl.connect0(Native Method)
	at java.net.DualStackPlainSocketImpl.socketConnect(DualStackPlainSocketImpl.java:79)
	at java.net.AbstractPlainSocketImpl.doConnect(AbstractPlainSocketImpl.java:350)
	at java.net.AbstractPlainSocketImpl.connectToAddress(AbstractPlainSocketImpl.java:206)
	at java.net.AbstractPlainSocketImpl.connect(AbstractPlainSocketImpl.java:188)
	at java.net.PlainSocketImpl.connect(PlainSocketImpl.java:172)
	at java.net.SocksSocketImpl.connect(SocksSocketImpl.java:392)
	at java.net.Socket.connect(Socket.java:589)
	at com.mysql.jdbc.StandardSocketFactory.connect(StandardSocketFactory.java:211)
	at com.mysql.jdbc.MysqlIO.<init>(MysqlIO.java:300)
	... 85 common frames omitted
2017-08-21 19:05:41,027 - Building JPA container EntityManagerFactory for persistence unit 'default'
2017-08-21 19:05:41,082 - HHH000204: Processing PersistenceUnitInfo [
	name: default
	...]
2017-08-21 19:05:41,401 - HHH000412: Hibernate Core {5.0.12.Final}
2017-08-21 19:05:41,402 - HHH000206: hibernate.properties not found
2017-08-21 19:05:41,403 - HHH000021: Bytecode provider name : javassist
2017-08-21 19:05:41,475 - HCANN000001: Hibernate Commons Annotations {5.0.1.Final}
2017-08-21 19:06:02,605 - HHH000342: Could not obtain connection to query metadata : Communications link failure

The last packet sent successfully to the server was 0 milliseconds ago. The driver has not received any packets from the server.
2017-08-21 19:06:02,620 - Exception encountered during context initialization - cancelling refresh attempt: org.springframework.beans.factory.BeanCreationException: Error creating bean with name 'entityManagerFactory' defined in class path resource [org/springframework/boot/autoconfigure/orm/jpa/HibernateJpaAutoConfiguration.class]: Invocation of init method failed; nested exception is org.hibernate.service.spi.ServiceException: Unable to create requested service [org.hibernate.engine.jdbc.env.spi.JdbcEnvironment]
2017-08-21 19:06:02,622 - Stopping service [Tomcat]
2017-08-21 19:06:02,661 - 

Error starting ApplicationContext. To display the auto-configuration report re-run your application with 'debug' enabled.
2017-08-21 19:07:08,850 - Starting SellApplication on DESKTOP-PU1H1F5 with PID 11636 (D:\java\sell\target\classes started by 李金香 in D:\java\sell)
2017-08-21 19:07:08,852 - No active profile set, falling back to default profiles: default
2017-08-21 19:07:08,896 - Refreshing org.springframework.boot.context.embedded.AnnotationConfigEmbeddedWebApplicationContext@3aefe5e5: startup date [Mon Aug 21 19:07:08 CST 2017]; root of context hierarchy
2017-08-21 19:07:09,105 - HV000001: Hibernate Validator 5.3.5.Final
2017-08-21 19:07:10,893 - Tomcat initialized with port(s): 8080 (http)
2017-08-21 19:07:10,910 - Starting service [Tomcat]
2017-08-21 19:07:10,912 - Starting Servlet Engine: Apache Tomcat/8.5.16
2017-08-21 19:07:11,392 - Initializing Spring embedded WebApplicationContext
2017-08-21 19:07:11,392 - Root WebApplicationContext: initialization completed in 2496 ms
2017-08-21 19:07:11,498 - Mapping servlet: 'dispatcherServlet' to [/]
2017-08-21 19:07:11,500 - Mapping filter: 'characterEncodingFilter' to: [/*]
2017-08-21 19:07:11,501 - Mapping filter: 'hiddenHttpMethodFilter' to: [/*]
2017-08-21 19:07:11,501 - Mapping filter: 'httpPutFormContentFilter' to: [/*]
2017-08-21 19:07:11,501 - Mapping filter: 'requestContextFilter' to: [/*]
2017-08-21 19:07:32,772 - Unable to determine jdbc url from datasource
org.springframework.jdbc.support.MetaDataAccessException: Could not get Connection for extracting meta data; nested exception is org.springframework.jdbc.CannotGetJdbcConnectionException: Could not get JDBC Connection; nested exception is com.mysql.jdbc.exceptions.jdbc4.CommunicationsException: Communications link failure

The last packet sent successfully to the server was 0 milliseconds ago. The driver has not received any packets from the server.
	at org.springframework.jdbc.support.JdbcUtils.extractDatabaseMetaData(JdbcUtils.java:339)
	at org.springframework.jdbc.support.JdbcUtils.extractDatabaseMetaData(JdbcUtils.java:366)
	at org.springframework.boot.autoconfigure.orm.jpa.DatabaseLookup.getDatabase(DatabaseLookup.java:72)
	at org.springframework.boot.autoconfigure.orm.jpa.JpaProperties.determineDatabase(JpaProperties.java:139)
	at org.springframework.boot.autoconfigure.orm.jpa.JpaBaseConfiguration.jpaVendorAdapter(JpaBaseConfiguration.java:105)
	at org.springframework.boot.autoconfigure.orm.jpa.HibernateJpaAutoConfiguration$$EnhancerBySpringCGLIB$$8cbf74a5.CGLIB$jpaVendorAdapter$4(<generated>)
	at org.springframework.boot.autoconfigure.orm.jpa.HibernateJpaAutoConfiguration$$EnhancerBySpringCGLIB$$8cbf74a5$$FastClassBySpringCGLIB$$dddbc3fe.invoke(<generated>)
	at org.springframework.cglib.proxy.MethodProxy.invokeSuper(MethodProxy.java:228)
	at org.springframework.context.annotation.ConfigurationClassEnhancer$BeanMethodInterceptor.intercept(ConfigurationClassEnhancer.java:358)
	at org.springframework.boot.autoconfigure.orm.jpa.HibernateJpaAutoConfiguration$$EnhancerBySpringCGLIB$$8cbf74a5.jpaVendorAdapter(<generated>)
	at sun.reflect.NativeMethodAccessorImpl.invoke0(Native Method)
	at sun.reflect.NativeMethodAccessorImpl.invoke(NativeMethodAccessorImpl.java:62)
	at sun.reflect.DelegatingMethodAccessorImpl.invoke(DelegatingMethodAccessorImpl.java:43)
	at java.lang.reflect.Method.invoke(Method.java:498)
	at org.springframework.beans.factory.support.SimpleInstantiationStrategy.instantiate(SimpleInstantiationStrategy.java:162)
	at org.springframework.beans.factory.support.ConstructorResolver.instantiateUsingFactoryMethod(ConstructorResolver.java:588)
	at org.springframework.beans.factory.support.AbstractAutowireCapableBeanFactory.instantiateUsingFactoryMethod(AbstractAutowireCapableBeanFactory.java:1173)
	at org.springframework.beans.factory.support.AbstractAutowireCapableBeanFactory.createBeanInstance(AbstractAutowireCapableBeanFactory.java:1067)
	at org.springframework.beans.factory.support.AbstractAutowireCapableBeanFactory.doCreateBean(AbstractAutowireCapableBeanFactory.java:513)
	at org.springframework.beans.factory.support.AbstractAutowireCapableBeanFactory.createBean(AbstractAutowireCapableBeanFactory.java:483)
	at org.springframework.beans.factory.support.AbstractBeanFactory$1.getObject(AbstractBeanFactory.java:306)
	at org.springframework.beans.factory.support.DefaultSingletonBeanRegistry.getSingleton(DefaultSingletonBeanRegistry.java:230)
	at org.springframework.beans.factory.support.AbstractBeanFactory.doGetBean(AbstractBeanFactory.java:302)
	at org.springframework.beans.factory.support.AbstractBeanFactory.getBean(AbstractBeanFactory.java:202)
	at org.springframework.beans.factory.config.DependencyDescriptor.resolveCandidate(DependencyDescriptor.java:208)
	at org.springframework.beans.factory.support.DefaultListableBeanFactory.doResolveDependency(DefaultListableBeanFactory.java:1138)
	at org.springframework.beans.factory.support.DefaultListableBeanFactory.resolveDependency(DefaultListableBeanFactory.java:1066)
	at org.springframework.beans.factory.support.ConstructorResolver.resolveAutowiredArgument(ConstructorResolver.java:835)
	at org.springframework.beans.factory.support.ConstructorResolver.createArgumentArray(ConstructorResolver.java:741)
	at org.springframework.beans.factory.support.ConstructorResolver.instantiateUsingFactoryMethod(ConstructorResolver.java:467)
	at org.springframework.beans.factory.support.AbstractAutowireCapableBeanFactory.instantiateUsingFactoryMethod(AbstractAutowireCapableBeanFactory.java:1173)
	at org.springframework.beans.factory.support.AbstractAutowireCapableBeanFactory.createBeanInstance(AbstractAutowireCapableBeanFactory.java:1067)
	at org.springframework.beans.factory.support.AbstractAutowireCapableBeanFactory.doCreateBean(AbstractAutowireCapableBeanFactory.java:513)
	at org.springframework.beans.factory.support.AbstractAutowireCapableBeanFactory.createBean(AbstractAutowireCapableBeanFactory.java:483)
	at org.springframework.beans.factory.support.AbstractBeanFactory$1.getObject(AbstractBeanFactory.java:306)
	at org.springframework.beans.factory.support.DefaultSingletonBeanRegistry.getSingleton(DefaultSingletonBeanRegistry.java:230)
	at org.springframework.beans.factory.support.AbstractBeanFactory.doGetBean(AbstractBeanFactory.java:302)
	at org.springframework.beans.factory.support.AbstractBeanFactory.getBean(AbstractBeanFactory.java:202)
	at org.springframework.beans.factory.config.DependencyDescriptor.resolveCandidate(DependencyDescriptor.java:208)
	at org.springframework.beans.factory.support.DefaultListableBeanFactory.doResolveDependency(DefaultListableBeanFactory.java:1138)
	at org.springframework.beans.factory.support.DefaultListableBeanFactory.resolveDependency(DefaultListableBeanFactory.java:1066)
	at org.springframework.beans.factory.support.ConstructorResolver.resolveAutowiredArgument(ConstructorResolver.java:835)
	at org.springframework.beans.factory.support.ConstructorResolver.createArgumentArray(ConstructorResolver.java:741)
	at org.springframework.beans.factory.support.ConstructorResolver.instantiateUsingFactoryMethod(ConstructorResolver.java:467)
	at org.springframework.beans.factory.support.AbstractAutowireCapableBeanFactory.instantiateUsingFactoryMethod(AbstractAutowireCapableBeanFactory.java:1173)
	at org.springframework.beans.factory.support.AbstractAutowireCapableBeanFactory.createBeanInstance(AbstractAutowireCapableBeanFactory.java:1067)
	at org.springframework.beans.factory.support.AbstractAutowireCapableBeanFactory.doCreateBean(AbstractAutowireCapableBeanFactory.java:513)
	at org.springframework.beans.factory.support.AbstractAutowireCapableBeanFactory.createBean(AbstractAutowireCapableBeanFactory.java:483)
	at org.springframework.beans.factory.support.AbstractBeanFactory$1.getObject(AbstractBeanFactory.java:306)
	at org.springframework.beans.factory.support.DefaultSingletonBeanRegistry.getSingleton(DefaultSingletonBeanRegistry.java:230)
	at org.springframework.beans.factory.support.AbstractBeanFactory.doGetBean(AbstractBeanFactory.java:302)
	at org.springframework.beans.factory.support.AbstractBeanFactory.getBean(AbstractBeanFactory.java:197)
	at org.springframework.context.support.AbstractApplicationContext.getBean(AbstractApplicationContext.java:1078)
	at org.springframework.context.support.AbstractApplicationContext.finishBeanFactoryInitialization(AbstractApplicationContext.java:857)
	at org.springframework.context.support.AbstractApplicationContext.refresh(AbstractApplicationContext.java:543)
	at org.springframework.boot.context.embedded.EmbeddedWebApplicationContext.refresh(EmbeddedWebApplicationContext.java:122)
	at org.springframework.boot.SpringApplication.refresh(SpringApplication.java:693)
	at org.springframework.boot.SpringApplication.refreshContext(SpringApplication.java:360)
	at org.springframework.boot.SpringApplication.run(SpringApplication.java:303)
	at org.springframework.boot.SpringApplication.run(SpringApplication.java:1118)
	at org.springframework.boot.SpringApplication.run(SpringApplication.java:1107)
	at com.imooc.SellApplication.main(SellApplication.java:10)
Caused by: org.springframework.jdbc.CannotGetJdbcConnectionException: Could not get JDBC Connection; nested exception is com.mysql.jdbc.exceptions.jdbc4.CommunicationsException: Communications link failure

The last packet sent successfully to the server was 0 milliseconds ago. The driver has not received any packets from the server.
	at org.springframework.jdbc.datasource.DataSourceUtils.getConnection(DataSourceUtils.java:80)
	at org.springframework.jdbc.support.JdbcUtils.extractDatabaseMetaData(JdbcUtils.java:326)
	... 61 common frames omitted
Caused by: com.mysql.jdbc.exceptions.jdbc4.CommunicationsException: Communications link failure

The last packet sent successfully to the server was 0 milliseconds ago. The driver has not received any packets from the server.
	at sun.reflect.NativeConstructorAccessorImpl.newInstance0(Native Method)
	at sun.reflect.NativeConstructorAccessorImpl.newInstance(NativeConstructorAccessorImpl.java:62)
	at sun.reflect.DelegatingConstructorAccessorImpl.newInstance(DelegatingConstructorAccessorImpl.java:45)
	at java.lang.reflect.Constructor.newInstance(Constructor.java:423)
	at com.mysql.jdbc.Util.handleNewInstance(Util.java:425)
	at com.mysql.jdbc.SQLError.createCommunicationsException(SQLError.java:989)
	at com.mysql.jdbc.MysqlIO.<init>(MysqlIO.java:341)
	at com.mysql.jdbc.ConnectionImpl.coreConnect(ConnectionImpl.java:2196)
	at com.mysql.jdbc.ConnectionImpl.connectOneTryOnly(ConnectionImpl.java:2229)
	at com.mysql.jdbc.ConnectionImpl.createNewIO(ConnectionImpl.java:2024)
	at com.mysql.jdbc.ConnectionImpl.<init>(ConnectionImpl.java:779)
	at com.mysql.jdbc.JDBC4Connection.<init>(JDBC4Connection.java:47)
	at sun.reflect.NativeConstructorAccessorImpl.newInstance0(Native Method)
	at sun.reflect.NativeConstructorAccessorImpl.newInstance(NativeConstructorAccessorImpl.java:62)
	at sun.reflect.DelegatingConstructorAccessorImpl.newInstance(DelegatingConstructorAccessorImpl.java:45)
	at java.lang.reflect.Constructor.newInstance(Constructor.java:423)
	at com.mysql.jdbc.Util.handleNewInstance(Util.java:425)
	at com.mysql.jdbc.ConnectionImpl.getInstance(ConnectionImpl.java:389)
	at com.mysql.jdbc.NonRegisteringDriver.connect(NonRegisteringDriver.java:330)
	at org.apache.tomcat.jdbc.pool.PooledConnection.connectUsingDriver(PooledConnection.java:310)
	at org.apache.tomcat.jdbc.pool.PooledConnection.connect(PooledConnection.java:203)
	at org.apache.tomcat.jdbc.pool.ConnectionPool.createConnection(ConnectionPool.java:735)
	at org.apache.tomcat.jdbc.pool.ConnectionPool.borrowConnection(ConnectionPool.java:667)
	at org.apache.tomcat.jdbc.pool.ConnectionPool.init(ConnectionPool.java:482)
	at org.apache.tomcat.jdbc.pool.ConnectionPool.<init>(ConnectionPool.java:154)
	at org.apache.tomcat.jdbc.pool.DataSourceProxy.pCreatePool(DataSourceProxy.java:118)
	at org.apache.tomcat.jdbc.pool.DataSourceProxy.createPool(DataSourceProxy.java:107)
	at org.apache.tomcat.jdbc.pool.DataSourceProxy.getConnection(DataSourceProxy.java:131)
	at org.springframework.jdbc.datasource.DataSourceUtils.doGetConnection(DataSourceUtils.java:111)
	at org.springframework.jdbc.datasource.DataSourceUtils.getConnection(DataSourceUtils.java:77)
	... 62 common frames omitted
Caused by: java.net.ConnectException: Connection timed out: connect
	at java.net.DualStackPlainSocketImpl.connect0(Native Method)
	at java.net.DualStackPlainSocketImpl.socketConnect(DualStackPlainSocketImpl.java:79)
	at java.net.AbstractPlainSocketImpl.doConnect(AbstractPlainSocketImpl.java:350)
	at java.net.AbstractPlainSocketImpl.connectToAddress(AbstractPlainSocketImpl.java:206)
	at java.net.AbstractPlainSocketImpl.connect(AbstractPlainSocketImpl.java:188)
	at java.net.PlainSocketImpl.connect(PlainSocketImpl.java:172)
	at java.net.SocksSocketImpl.connect(SocksSocketImpl.java:392)
	at java.net.Socket.connect(Socket.java:589)
	at com.mysql.jdbc.StandardSocketFactory.connect(StandardSocketFactory.java:211)
	at com.mysql.jdbc.MysqlIO.<init>(MysqlIO.java:300)
	... 85 common frames omitted
2017-08-21 19:07:53,859 - Building JPA container EntityManagerFactory for persistence unit 'default'
2017-08-21 19:07:53,868 - HHH000204: Processing PersistenceUnitInfo [
	name: default
	...]
2017-08-21 19:07:53,919 - HHH000412: Hibernate Core {5.0.12.Final}
2017-08-21 19:07:53,920 - HHH000206: hibernate.properties not found
2017-08-21 19:07:53,920 - HHH000021: Bytecode provider name : javassist
2017-08-21 19:07:53,949 - HCANN000001: Hibernate Commons Annotations {5.0.1.Final}
2017-08-21 19:08:15,026 - HHH000342: Could not obtain connection to query metadata : Communications link failure

The last packet sent successfully to the server was 0 milliseconds ago. The driver has not received any packets from the server.
2017-08-21 19:08:15,030 - Exception encountered during context initialization - cancelling refresh attempt: org.springframework.beans.factory.BeanCreationException: Error creating bean with name 'entityManagerFactory' defined in class path resource [org/springframework/boot/autoconfigure/orm/jpa/HibernateJpaAutoConfiguration.class]: Invocation of init method failed; nested exception is org.hibernate.service.spi.ServiceException: Unable to create requested service [org.hibernate.engine.jdbc.env.spi.JdbcEnvironment]
2017-08-21 19:08:15,037 - Stopping service [Tomcat]
2017-08-21 19:08:15,070 - 

Error starting ApplicationContext. To display the auto-configuration report re-run your application with 'debug' enabled.
2017-08-21 19:09:36,195 - Starting ProductServiceImplTest on DESKTOP-PU1H1F5 with PID 1424 (started by 李金香 in D:\java\sell)
2017-08-21 19:09:36,205 - No active profile set, falling back to default profiles: default
2017-08-21 19:09:36,280 - Refreshing org.springframework.web.context.support.GenericWebApplicationContext@7c137fd5: startup date [Mon Aug 21 19:09:36 CST 2017]; root of context hierarchy
2017-08-21 19:09:37,125 - HV000001: Hibernate Validator 5.3.5.Final
2017-08-21 19:09:39,428 - Building JPA container EntityManagerFactory for persistence unit 'default'
2017-08-21 19:09:39,486 - HHH000204: Processing PersistenceUnitInfo [
	name: default
	...]
2017-08-21 19:09:39,751 - HHH000412: Hibernate Core {5.0.12.Final}
2017-08-21 19:09:39,752 - HHH000206: hibernate.properties not found
2017-08-21 19:09:39,754 - HHH000021: Bytecode provider name : javassist
2017-08-21 19:09:40,078 - HCANN000001: Hibernate Commons Annotations {5.0.1.Final}
2017-08-21 19:09:40,779 - HHH000400: Using dialect: org.hibernate.dialect.MySQL5Dialect
2017-08-21 19:09:42,171 - Initialized JPA EntityManagerFactory for persistence unit 'default'
2017-08-21 19:09:43,609 - Looking for @ControllerAdvice: org.springframework.web.context.support.GenericWebApplicationContext@7c137fd5: startup date [Mon Aug 21 19:09:36 CST 2017]; root of context hierarchy
2017-08-21 19:09:43,716 - Mapped "{[/buyer/product/list],methods=[GET]}" onto public com.imooc.vo.ResultVO com.imooc.controller.BuyerProductController.list()
2017-08-21 19:09:43,719 - Mapped "{[/error]}" onto public org.springframework.http.ResponseEntity<java.util.Map<java.lang.String, java.lang.Object>> org.springframework.boot.autoconfigure.web.BasicErrorController.error(javax.servlet.http.HttpServletRequest)
2017-08-21 19:09:43,720 - Mapped "{[/error],produces=[text/html]}" onto public org.springframework.web.servlet.ModelAndView org.springframework.boot.autoconfigure.web.BasicErrorController.errorHtml(javax.servlet.http.HttpServletRequest,javax.servlet.http.HttpServletResponse)
2017-08-21 19:09:43,762 - Mapped URL path [/webjars/**] onto handler of type [class org.springframework.web.servlet.resource.ResourceHttpRequestHandler]
2017-08-21 19:09:43,762 - Mapped URL path [/**] onto handler of type [class org.springframework.web.servlet.resource.ResourceHttpRequestHandler]
2017-08-21 19:09:43,811 - Mapped URL path [/**/favicon.ico] onto handler of type [class org.springframework.web.servlet.resource.ResourceHttpRequestHandler]
2017-08-21 19:09:44,216 - Started ProductServiceImplTest in 8.941 seconds (JVM running for 10.547)
2017-08-21 19:09:44,432 - Closing org.springframework.web.context.support.GenericWebApplicationContext@7c137fd5: startup date [Mon Aug 21 19:09:36 CST 2017]; root of context hierarchy
2017-08-21 19:09:44,436 - Closing JPA EntityManagerFactory for persistence unit 'default'
2017-08-21 19:10:32,866 - Starting CategoryServiceImplTest on DESKTOP-PU1H1F5 with PID 5912 (started by 李金香 in D:\java\sell)
2017-08-21 19:10:32,866 - No active profile set, falling back to default profiles: default
2017-08-21 19:10:32,915 - Refreshing org.springframework.web.context.support.GenericWebApplicationContext@7ce026d3: startup date [Mon Aug 21 19:10:32 CST 2017]; root of context hierarchy
2017-08-21 19:10:33,959 - HV000001: Hibernate Validator 5.3.5.Final
2017-08-21 19:10:35,933 - Building JPA container EntityManagerFactory for persistence unit 'default'
2017-08-21 19:10:35,953 - HHH000204: Processing PersistenceUnitInfo [
	name: default
	...]
2017-08-21 19:10:36,085 - HHH000412: Hibernate Core {5.0.12.Final}
2017-08-21 19:10:36,088 - HHH000206: hibernate.properties not found
2017-08-21 19:10:36,090 - HHH000021: Bytecode provider name : javassist
2017-08-21 19:10:36,170 - HCANN000001: Hibernate Commons Annotations {5.0.1.Final}
2017-08-21 19:10:36,473 - HHH000400: Using dialect: org.hibernate.dialect.MySQL5Dialect
2017-08-21 19:10:37,597 - Initialized JPA EntityManagerFactory for persistence unit 'default'
2017-08-21 19:10:38,611 - Looking for @ControllerAdvice: org.springframework.web.context.support.GenericWebApplicationContext@7ce026d3: startup date [Mon Aug 21 19:10:32 CST 2017]; root of context hierarchy
2017-08-21 19:10:38,767 - Mapped "{[/buyer/product/list],methods=[GET]}" onto public com.imooc.vo.ResultVO com.imooc.controller.BuyerProductController.list()
2017-08-21 19:10:38,771 - Mapped "{[/error]}" onto public org.springframework.http.ResponseEntity<java.util.Map<java.lang.String, java.lang.Object>> org.springframework.boot.autoconfigure.web.BasicErrorController.error(javax.servlet.http.HttpServletRequest)
2017-08-21 19:10:38,771 - Mapped "{[/error],produces=[text/html]}" onto public org.springframework.web.servlet.ModelAndView org.springframework.boot.autoconfigure.web.BasicErrorController.errorHtml(javax.servlet.http.HttpServletRequest,javax.servlet.http.HttpServletResponse)
2017-08-21 19:10:38,813 - Mapped URL path [/webjars/**] onto handler of type [class org.springframework.web.servlet.resource.ResourceHttpRequestHandler]
2017-08-21 19:10:38,813 - Mapped URL path [/**] onto handler of type [class org.springframework.web.servlet.resource.ResourceHttpRequestHandler]
2017-08-21 19:10:38,868 - Mapped URL path [/**/favicon.ico] onto handler of type [class org.springframework.web.servlet.resource.ResourceHttpRequestHandler]
2017-08-21 19:10:39,183 - Started CategoryServiceImplTest in 7.405 seconds (JVM running for 8.493)
2017-08-21 19:10:39,322 - Closing org.springframework.web.context.support.GenericWebApplicationContext@7ce026d3: startup date [Mon Aug 21 19:10:32 CST 2017]; root of context hierarchy
2017-08-21 19:10:39,325 - Closing JPA EntityManagerFactory for persistence unit 'default'
2017-08-21 19:11:05,216 - Starting ProductServiceImplTest on DESKTOP-PU1H1F5 with PID 8132 (started by 李金香 in D:\java\sell)
2017-08-21 19:11:05,226 - No active profile set, falling back to default profiles: default
2017-08-21 19:11:05,269 - Refreshing org.springframework.web.context.support.GenericWebApplicationContext@6c284af: startup date [Mon Aug 21 19:11:05 CST 2017]; root of context hierarchy
2017-08-21 19:11:06,376 - HV000001: Hibernate Validator 5.3.5.Final
2017-08-21 19:11:08,545 - Building JPA container EntityManagerFactory for persistence unit 'default'
2017-08-21 19:11:08,564 - HHH000204: Processing PersistenceUnitInfo [
	name: default
	...]
2017-08-21 19:11:08,692 - HHH000412: Hibernate Core {5.0.12.Final}
2017-08-21 19:11:08,694 - HHH000206: hibernate.properties not found
2017-08-21 19:11:08,696 - HHH000021: Bytecode provider name : javassist
2017-08-21 19:11:08,746 - HCANN000001: Hibernate Commons Annotations {5.0.1.Final}
2017-08-21 19:11:08,909 - HHH000400: Using dialect: org.hibernate.dialect.MySQL5Dialect
2017-08-21 19:11:09,803 - Initialized JPA EntityManagerFactory for persistence unit 'default'
2017-08-21 19:11:10,793 - Looking for @ControllerAdvice: org.springframework.web.context.support.GenericWebApplicationContext@6c284af: startup date [Mon Aug 21 19:11:05 CST 2017]; root of context hierarchy
2017-08-21 19:11:10,890 - Mapped "{[/buyer/product/list],methods=[GET]}" onto public com.imooc.vo.ResultVO com.imooc.controller.BuyerProductController.list()
2017-08-21 19:11:10,893 - Mapped "{[/error]}" onto public org.springframework.http.ResponseEntity<java.util.Map<java.lang.String, java.lang.Object>> org.springframework.boot.autoconfigure.web.BasicErrorController.error(javax.servlet.http.HttpServletRequest)
2017-08-21 19:11:10,895 - Mapped "{[/error],produces=[text/html]}" onto public org.springframework.web.servlet.ModelAndView org.springframework.boot.autoconfigure.web.BasicErrorController.errorHtml(javax.servlet.http.HttpServletRequest,javax.servlet.http.HttpServletResponse)
2017-08-21 19:11:10,934 - Mapped URL path [/webjars/**] onto handler of type [class org.springframework.web.servlet.resource.ResourceHttpRequestHandler]
2017-08-21 19:11:10,934 - Mapped URL path [/**] onto handler of type [class org.springframework.web.servlet.resource.ResourceHttpRequestHandler]
2017-08-21 19:11:10,982 - Mapped URL path [/**/favicon.ico] onto handler of type [class org.springframework.web.servlet.resource.ResourceHttpRequestHandler]
2017-08-21 19:11:11,317 - Started ProductServiceImplTest in 7.083 seconds (JVM running for 8.14)
2017-08-21 19:11:11,503 - Closing org.springframework.web.context.support.GenericWebApplicationContext@6c284af: startup date [Mon Aug 21 19:11:05 CST 2017]; root of context hierarchy
2017-08-21 19:11:11,508 - Closing JPA EntityManagerFactory for persistence unit 'default'
2017-08-21 19:11:57,571 - Starting SellApplication on DESKTOP-PU1H1F5 with PID 12984 (D:\java\sell\target\classes started by 李金香 in D:\java\sell)
2017-08-21 19:11:57,574 - No active profile set, falling back to default profiles: default
2017-08-21 19:11:57,616 - Refreshing org.springframework.boot.context.embedded.AnnotationConfigEmbeddedWebApplicationContext@3aefe5e5: startup date [Mon Aug 21 19:11:57 CST 2017]; root of context hierarchy
2017-08-21 19:11:57,864 - HV000001: Hibernate Validator 5.3.5.Final
2017-08-21 19:11:59,408 - Tomcat initialized with port(s): 8080 (http)
2017-08-21 19:11:59,420 - Starting service [Tomcat]
2017-08-21 19:11:59,422 - Starting Servlet Engine: Apache Tomcat/8.5.16
2017-08-21 19:11:59,527 - Initializing Spring embedded WebApplicationContext
2017-08-21 19:11:59,527 - Root WebApplicationContext: initialization completed in 1911 ms
2017-08-21 19:11:59,646 - Mapping servlet: 'dispatcherServlet' to [/]
2017-08-21 19:11:59,649 - Mapping filter: 'characterEncodingFilter' to: [/*]
2017-08-21 19:11:59,649 - Mapping filter: 'hiddenHttpMethodFilter' to: [/*]
2017-08-21 19:11:59,649 - Mapping filter: 'httpPutFormContentFilter' to: [/*]
2017-08-21 19:11:59,650 - Mapping filter: 'requestContextFilter' to: [/*]
2017-08-21 19:12:00,136 - Building JPA container EntityManagerFactory for persistence unit 'default'
2017-08-21 19:12:00,148 - HHH000204: Processing PersistenceUnitInfo [
	name: default
	...]
2017-08-21 19:12:00,194 - HHH000412: Hibernate Core {5.0.12.Final}
2017-08-21 19:12:00,195 - HHH000206: hibernate.properties not found
2017-08-21 19:12:00,196 - HHH000021: Bytecode provider name : javassist
2017-08-21 19:12:00,228 - HCANN000001: Hibernate Commons Annotations {5.0.1.Final}
2017-08-21 19:12:00,301 - HHH000400: Using dialect: org.hibernate.dialect.MySQL5Dialect
2017-08-21 19:12:00,674 - Initialized JPA EntityManagerFactory for persistence unit 'default'
2017-08-21 19:12:01,090 - Looking for @ControllerAdvice: org.springframework.boot.context.embedded.AnnotationConfigEmbeddedWebApplicationContext@3aefe5e5: startup date [Mon Aug 21 19:11:57 CST 2017]; root of context hierarchy
2017-08-21 19:12:01,132 - Mapped "{[/buyer/product/list],methods=[GET]}" onto public com.imooc.vo.ResultVO com.imooc.controller.BuyerProductController.list()
2017-08-21 19:12:01,135 - Mapped "{[/error]}" onto public org.springframework.http.ResponseEntity<java.util.Map<java.lang.String, java.lang.Object>> org.springframework.boot.autoconfigure.web.BasicErrorController.error(javax.servlet.http.HttpServletRequest)
2017-08-21 19:12:01,135 - Mapped "{[/error],produces=[text/html]}" onto public org.springframework.web.servlet.ModelAndView org.springframework.boot.autoconfigure.web.BasicErrorController.errorHtml(javax.servlet.http.HttpServletRequest,javax.servlet.http.HttpServletResponse)
2017-08-21 19:12:01,156 - Mapped URL path [/webjars/**] onto handler of type [class org.springframework.web.servlet.resource.ResourceHttpRequestHandler]
2017-08-21 19:12:01,156 - Mapped URL path [/**] onto handler of type [class org.springframework.web.servlet.resource.ResourceHttpRequestHandler]
2017-08-21 19:12:01,182 - Mapped URL path [/**/favicon.ico] onto handler of type [class org.springframework.web.servlet.resource.ResourceHttpRequestHandler]
2017-08-21 19:12:01,376 - Registering beans for JMX exposure on startup
2017-08-21 19:12:01,390 - Initializing ProtocolHandler ["http-nio-8080"]
2017-08-21 19:12:01,408 - Starting ProtocolHandler ["http-nio-8080"]
2017-08-21 19:12:01,431 - Using a shared selector for servlet write/read
2017-08-21 19:12:01,460 - Tomcat started on port(s): 8080 (http)
2017-08-21 19:12:01,466 - Started SellApplication in 4.299 seconds (JVM running for 4.755)
2017-08-21 19:12:17,540 - A cookie header was received [1499746243,1499824953,1499997679; Idea-10cb269a=ff61daa7-9589-43b8-894b-538283fffc08] that contained an invalid cookie. That cookie will be ignored.Note: further occurrences of this error will be logged at DEBUG level.
2017-08-21 19:12:17,552 - Initializing Spring FrameworkServlet 'dispatcherServlet'
2017-08-21 19:12:17,552 - FrameworkServlet 'dispatcherServlet': initialization started
2017-08-21 19:12:17,566 - FrameworkServlet 'dispatcherServlet': initialization completed in 14 ms
2017-08-21 19:14:43,917 - Starting SellApplication on DESKTOP-PU1H1F5 with PID 12092 (D:\java\sell\target\classes started by 李金香 in D:\java\sell)
2017-08-21 19:14:43,921 - No active profile set, falling back to default profiles: default
2017-08-21 19:14:43,969 - Refreshing org.springframework.boot.context.embedded.AnnotationConfigEmbeddedWebApplicationContext@3aefe5e5: startup date [Mon Aug 21 19:14:43 CST 2017]; root of context hierarchy
2017-08-21 19:14:44,193 - HV000001: Hibernate Validator 5.3.5.Final
2017-08-21 19:14:45,889 - Tomcat initialized with port(s): 8080 (http)
2017-08-21 19:14:45,901 - Starting service [Tomcat]
2017-08-21 19:14:45,902 - Starting Servlet Engine: Apache Tomcat/8.5.16
2017-08-21 19:14:46,014 - Initializing Spring embedded WebApplicationContext
2017-08-21 19:14:46,014 - Root WebApplicationContext: initialization completed in 2045 ms
2017-08-21 19:14:46,137 - Mapping servlet: 'dispatcherServlet' to [/]
2017-08-21 19:14:46,140 - Mapping filter: 'characterEncodingFilter' to: [/*]
2017-08-21 19:14:46,141 - Mapping filter: 'hiddenHttpMethodFilter' to: [/*]
2017-08-21 19:14:46,141 - Mapping filter: 'httpPutFormContentFilter' to: [/*]
2017-08-21 19:14:46,141 - Mapping filter: 'requestContextFilter' to: [/*]
2017-08-21 19:14:46,600 - Building JPA container EntityManagerFactory for persistence unit 'default'
2017-08-21 19:14:46,609 - HHH000204: Processing PersistenceUnitInfo [
	name: default
	...]
2017-08-21 19:14:46,654 - HHH000412: Hibernate Core {5.0.12.Final}
2017-08-21 19:14:46,655 - HHH000206: hibernate.properties not found
2017-08-21 19:14:46,656 - HHH000021: Bytecode provider name : javassist
2017-08-21 19:14:46,688 - HCANN000001: Hibernate Commons Annotations {5.0.1.Final}
2017-08-21 19:14:46,765 - HHH000400: Using dialect: org.hibernate.dialect.MySQL5Dialect
2017-08-21 19:14:47,125 - Initialized JPA EntityManagerFactory for persistence unit 'default'
2017-08-21 19:14:47,539 - Looking for @ControllerAdvice: org.springframework.boot.context.embedded.AnnotationConfigEmbeddedWebApplicationContext@3aefe5e5: startup date [Mon Aug 21 19:14:43 CST 2017]; root of context hierarchy
2017-08-21 19:14:47,583 - Mapped "{[/buyer/product/list],methods=[GET]}" onto public com.imooc.vo.ResultVO com.imooc.controller.BuyerProductController.list()
2017-08-21 19:14:47,586 - Mapped "{[/error]}" onto public org.springframework.http.ResponseEntity<java.util.Map<java.lang.String, java.lang.Object>> org.springframework.boot.autoconfigure.web.BasicErrorController.error(javax.servlet.http.HttpServletRequest)
2017-08-21 19:14:47,586 - Mapped "{[/error],produces=[text/html]}" onto public org.springframework.web.servlet.ModelAndView org.springframework.boot.autoconfigure.web.BasicErrorController.errorHtml(javax.servlet.http.HttpServletRequest,javax.servlet.http.HttpServletResponse)
2017-08-21 19:14:47,607 - Mapped URL path [/webjars/**] onto handler of type [class org.springframework.web.servlet.resource.ResourceHttpRequestHandler]
2017-08-21 19:14:47,607 - Mapped URL path [/**] onto handler of type [class org.springframework.web.servlet.resource.ResourceHttpRequestHandler]
2017-08-21 19:14:47,632 - Mapped URL path [/**/favicon.ico] onto handler of type [class org.springframework.web.servlet.resource.ResourceHttpRequestHandler]
2017-08-21 19:14:47,835 - Registering beans for JMX exposure on startup
2017-08-21 19:14:47,845 - Initializing ProtocolHandler ["http-nio-8080"]
2017-08-21 19:14:47,853 - Starting ProtocolHandler ["http-nio-8080"]
2017-08-21 19:14:47,862 - Using a shared selector for servlet write/read
2017-08-21 19:14:47,875 - Tomcat started on port(s): 8080 (http)
2017-08-21 19:14:47,881 - Started SellApplication in 4.396 seconds (JVM running for 4.85)
2017-08-21 19:16:08,480 - A cookie header was received [1499746243,1499824953,1499997679; Idea-10cb269a=ff61daa7-9589-43b8-894b-538283fffc08] that contained an invalid cookie. That cookie will be ignored.Note: further occurrences of this error will be logged at DEBUG level.
2017-08-21 19:16:08,485 - Initializing Spring FrameworkServlet 'dispatcherServlet'
2017-08-21 19:16:08,485 - FrameworkServlet 'dispatcherServlet': initialization started
2017-08-21 19:16:08,501 - FrameworkServlet 'dispatcherServlet': initialization completed in 16 ms
2017-08-21 19:31:45,192 - Starting SellApplication on DESKTOP-PU1H1F5 with PID 5036 (D:\java\sell\target\classes started by 李金香 in D:\java\sell)
2017-08-21 19:31:45,194 - No active profile set, falling back to default profiles: default
2017-08-21 19:31:45,243 - Refreshing org.springframework.boot.context.embedded.AnnotationConfigEmbeddedWebApplicationContext@3aefe5e5: startup date [Mon Aug 21 19:31:45 CST 2017]; root of context hierarchy
2017-08-21 19:31:45,474 - HV000001: Hibernate Validator 5.3.5.Final
2017-08-21 19:31:47,412 - Tomcat initialized with port(s): 8080 (http)
2017-08-21 19:31:47,428 - Starting service [Tomcat]
2017-08-21 19:31:47,429 - Starting Servlet Engine: Apache Tomcat/8.5.16
2017-08-21 19:31:47,518 - Initializing Spring embedded WebApplicationContext
2017-08-21 19:31:47,519 - Root WebApplicationContext: initialization completed in 2276 ms
2017-08-21 19:31:47,644 - Mapping servlet: 'dispatcherServlet' to [/]
2017-08-21 19:31:47,648 - Mapping filter: 'characterEncodingFilter' to: [/*]
2017-08-21 19:31:47,648 - Mapping filter: 'hiddenHttpMethodFilter' to: [/*]
2017-08-21 19:31:47,648 - Mapping filter: 'httpPutFormContentFilter' to: [/*]
2017-08-21 19:31:47,649 - Mapping filter: 'requestContextFilter' to: [/*]
2017-08-21 19:31:48,146 - Building JPA container EntityManagerFactory for persistence unit 'default'
2017-08-21 19:31:48,154 - HHH000204: Processing PersistenceUnitInfo [
	name: default
	...]
2017-08-21 19:31:48,201 - HHH000412: Hibernate Core {5.0.12.Final}
2017-08-21 19:31:48,201 - HHH000206: hibernate.properties not found
2017-08-21 19:31:48,202 - HHH000021: Bytecode provider name : javassist
2017-08-21 19:31:48,232 - HCANN000001: Hibernate Commons Annotations {5.0.1.Final}
2017-08-21 19:31:48,302 - HHH000400: Using dialect: org.hibernate.dialect.MySQL5Dialect
2017-08-21 19:31:48,667 - Initialized JPA EntityManagerFactory for persistence unit 'default'
2017-08-21 19:31:49,073 - Looking for @ControllerAdvice: org.springframework.boot.context.embedded.AnnotationConfigEmbeddedWebApplicationContext@3aefe5e5: startup date [Mon Aug 21 19:31:45 CST 2017]; root of context hierarchy
2017-08-21 19:31:49,118 - Mapped "{[/buyer/product/list],methods=[GET]}" onto public com.imooc.vo.ResultVO<java.util.List<com.imooc.vo.ProductVO>> com.imooc.controller.BuyerProductController.list()
2017-08-21 19:31:49,121 - Mapped "{[/error]}" onto public org.springframework.http.ResponseEntity<java.util.Map<java.lang.String, java.lang.Object>> org.springframework.boot.autoconfigure.web.BasicErrorController.error(javax.servlet.http.HttpServletRequest)
2017-08-21 19:31:49,121 - Mapped "{[/error],produces=[text/html]}" onto public org.springframework.web.servlet.ModelAndView org.springframework.boot.autoconfigure.web.BasicErrorController.errorHtml(javax.servlet.http.HttpServletRequest,javax.servlet.http.HttpServletResponse)
2017-08-21 19:31:49,142 - Mapped URL path [/webjars/**] onto handler of type [class org.springframework.web.servlet.resource.ResourceHttpRequestHandler]
2017-08-21 19:31:49,142 - Mapped URL path [/**] onto handler of type [class org.springframework.web.servlet.resource.ResourceHttpRequestHandler]
2017-08-21 19:31:49,167 - Mapped URL path [/**/favicon.ico] onto handler of type [class org.springframework.web.servlet.resource.ResourceHttpRequestHandler]
2017-08-21 19:31:49,328 - Registering beans for JMX exposure on startup
2017-08-21 19:31:49,346 - Initializing ProtocolHandler ["http-nio-8080"]
2017-08-21 19:31:49,353 - Starting ProtocolHandler ["http-nio-8080"]
2017-08-21 19:31:49,363 - Using a shared selector for servlet write/read
2017-08-21 19:31:49,387 - Tomcat started on port(s): 8080 (http)
2017-08-21 19:31:49,397 - Started SellApplication in 4.669 seconds (JVM running for 5.106)
2017-08-21 19:32:02,535 - A cookie header was received [1499746243,1499824953,1499997679; Idea-10cb269a=ff61daa7-9589-43b8-894b-538283fffc08] that contained an invalid cookie. That cookie will be ignored.Note: further occurrences of this error will be logged at DEBUG level.
2017-08-21 19:32:02,541 - Initializing Spring FrameworkServlet 'dispatcherServlet'
2017-08-21 19:32:02,541 - FrameworkServlet 'dispatcherServlet': initialization started
2017-08-21 19:32:02,568 - FrameworkServlet 'dispatcherServlet': initialization completed in 27 ms
