2017-09-11 10:46:15,888 - Starting SellApplication on DESKTOP-PU1H1F5 with PID 7292 (D:\java\sell\target\classes started by 李金香 in D:\java\sell)
2017-09-11 10:46:15,890 - No active profile set, falling back to default profiles: default
2017-09-11 10:46:16,081 - Refreshing org.springframework.boot.context.embedded.AnnotationConfigEmbeddedWebApplicationContext@6ef888f6: startup date [Mon Sep 11 10:46:16 CST 2017]; root of context hierarchy
2017-09-11 10:46:16,710 - HV000001: Hibernate Validator 5.3.5.Final
2017-09-11 10:46:19,946 - Tomcat initialized with port(s): 8080 (http)
2017-09-11 10:46:19,963 - Starting service [Tomcat]
2017-09-11 10:46:19,964 - Starting Servlet Engine: Apache Tomcat/8.5.16
2017-09-11 10:46:20,945 - Initializing Spring embedded WebApplicationContext
2017-09-11 10:46:20,946 - Root WebApplicationContext: initialization completed in 4865 ms
2017-09-11 10:46:21,072 - Mapping servlet: 'dispatcherServlet' to [/]
2017-09-11 10:46:21,075 - Mapping filter: 'characterEncodingFilter' to: [/*]
2017-09-11 10:46:21,084 - Mapping filter: 'hiddenHttpMethodFilter' to: [/*]
2017-09-11 10:46:21,085 - Mapping filter: 'httpPutFormContentFilter' to: [/*]
2017-09-11 10:46:21,085 - Mapping filter: 'requestContextFilter' to: [/*]
2017-09-11 10:46:22,112 - Building JPA container EntityManagerFactory for persistence unit 'default'
2017-09-11 10:46:22,173 - HHH000204: Processing PersistenceUnitInfo [
	name: default
	...]
2017-09-11 10:46:22,295 - HHH000412: Hibernate Core {5.0.12.Final}
2017-09-11 10:46:22,296 - HHH000206: hibernate.properties not found
2017-09-11 10:46:22,296 - HHH000021: Bytecode provider name : javassist
2017-09-11 10:46:22,424 - HCANN000001: Hibernate Commons Annotations {5.0.1.Final}
2017-09-11 10:46:22,561 - HHH000400: Using dialect: org.hibernate.dialect.MySQL5Dialect
2017-09-11 10:46:23,192 - Initialized JPA EntityManagerFactory for persistence unit 'default'
2017-09-11 10:46:23,810 - Looking for @ControllerAdvice: org.springframework.boot.context.embedded.AnnotationConfigEmbeddedWebApplicationContext@6ef888f6: startup date [Mon Sep 11 10:46:16 CST 2017]; root of context hierarchy
2017-09-11 10:46:23,856 - Mapped "{[/buyer/order/create],methods=[POST]}" onto public com.imooc.vo.ResultVO<java.util.Map<java.lang.String, java.lang.String>> com.imooc.controller.BuyerOrderController.create(com.imooc.form.OrderForm,org.springframework.validation.BindingResult)
2017-09-11 10:46:23,857 - Mapped "{[/buyer/order/list],methods=[GET]}" onto public com.imooc.vo.ResultVO<java.util.List<com.imooc.dto.OrderDTO>> com.imooc.controller.BuyerOrderController.list(java.lang.String,java.lang.Integer,java.lang.Integer)
2017-09-11 10:46:23,857 - Mapped "{[/buyer/order/cancel],methods=[POST]}" onto public com.imooc.vo.ResultVO<com.imooc.dto.OrderDTO> com.imooc.controller.BuyerOrderController.cancel(java.lang.String,java.lang.String)
2017-09-11 10:46:23,857 - Mapped "{[/buyer/order/detail],methods=[GET]}" onto public com.imooc.vo.ResultVO<com.imooc.dto.OrderDTO> com.imooc.controller.BuyerOrderController.detail(java.lang.String,java.lang.String)
2017-09-11 10:46:23,858 - Mapped "{[/buyer/product/list],methods=[GET]}" onto public com.imooc.vo.ResultVO<java.util.List<com.imooc.vo.ProductVO>> com.imooc.controller.BuyerProductController.list()
2017-09-11 10:46:23,858 - Mapped "{[/token/get],methods=[GET]}" onto public java.lang.String com.imooc.controller.WxTestController.getToken()
2017-09-11 10:46:23,859 - Mapped "{[/error]}" onto public org.springframework.http.ResponseEntity<java.util.Map<java.lang.String, java.lang.Object>> org.springframework.boot.autoconfigure.web.BasicErrorController.error(javax.servlet.http.HttpServletRequest)
2017-09-11 10:46:23,860 - Mapped "{[/error],produces=[text/html]}" onto public org.springframework.web.servlet.ModelAndView org.springframework.boot.autoconfigure.web.BasicErrorController.errorHtml(javax.servlet.http.HttpServletRequest,javax.servlet.http.HttpServletResponse)
2017-09-11 10:46:23,904 - Mapped URL path [/webjars/**] onto handler of type [class org.springframework.web.servlet.resource.ResourceHttpRequestHandler]
2017-09-11 10:46:23,904 - Mapped URL path [/**] onto handler of type [class org.springframework.web.servlet.resource.ResourceHttpRequestHandler]
2017-09-11 10:46:23,928 - Mapped URL path [/**/favicon.ico] onto handler of type [class org.springframework.web.servlet.resource.ResourceHttpRequestHandler]
2017-09-11 10:46:24,374 - Registering beans for JMX exposure on startup
2017-09-11 10:46:24,395 - Initializing ProtocolHandler ["http-nio-8080"]
2017-09-11 10:46:24,420 - Starting ProtocolHandler ["http-nio-8080"]
2017-09-11 10:46:24,487 - Using a shared selector for servlet write/read
2017-09-11 10:46:24,547 - Tomcat started on port(s): 8080 (http)
2017-09-11 10:46:24,574 - Started SellApplication in 9.551 seconds (JVM running for 16.286)
2017-09-11 10:46:47,905 - Initializing Spring FrameworkServlet 'dispatcherServlet'
2017-09-11 10:46:47,905 - FrameworkServlet 'dispatcherServlet': initialization started
2017-09-11 10:46:47,919 - FrameworkServlet 'dispatcherServlet': initialization completed in 14 ms
2017-09-11 10:54:23,148 - HHH000397: Using ASTQueryTranslatorFactory
2017-09-11 17:47:20,451 - Starting SellApplication on DESKTOP-PU1H1F5 with PID 7648 (D:\java\sell\target\classes started by 李金香 in D:\java\sell)
2017-09-11 17:47:20,555 - No active profile set, falling back to default profiles: default
2017-09-11 17:47:20,955 - Refreshing org.springframework.boot.context.embedded.AnnotationConfigEmbeddedWebApplicationContext@6ef888f6: startup date [Mon Sep 11 17:47:20 CST 2017]; root of context hierarchy
2017-09-11 17:47:21,648 - HV000001: Hibernate Validator 5.3.5.Final
2017-09-11 17:47:29,485 - Tomcat initialized with port(s): 8080 (http)
2017-09-11 17:47:29,530 - Starting service [Tomcat]
2017-09-11 17:47:29,531 - Starting Servlet Engine: Apache Tomcat/8.5.16
2017-09-11 17:47:29,834 - Initializing Spring embedded WebApplicationContext
2017-09-11 17:47:29,835 - Root WebApplicationContext: initialization completed in 8880 ms
2017-09-11 17:47:30,010 - Mapping servlet: 'dispatcherServlet' to [/]
2017-09-11 17:47:30,017 - Mapping filter: 'characterEncodingFilter' to: [/*]
2017-09-11 17:47:30,017 - Mapping filter: 'hiddenHttpMethodFilter' to: [/*]
2017-09-11 17:47:30,017 - Mapping filter: 'httpPutFormContentFilter' to: [/*]
2017-09-11 17:47:30,017 - Mapping filter: 'requestContextFilter' to: [/*]
2017-09-11 17:47:31,851 - Building JPA container EntityManagerFactory for persistence unit 'default'
2017-09-11 17:47:31,925 - HHH000204: Processing PersistenceUnitInfo [
	name: default
	...]
2017-09-11 17:47:32,475 - HHH000412: Hibernate Core {5.0.12.Final}
2017-09-11 17:47:32,476 - HHH000206: hibernate.properties not found
2017-09-11 17:47:32,477 - HHH000021: Bytecode provider name : javassist
2017-09-11 17:47:33,325 - HCANN000001: Hibernate Commons Annotations {5.0.1.Final}
2017-09-11 17:47:34,162 - HHH000400: Using dialect: org.hibernate.dialect.MySQL5Dialect
2017-09-11 17:47:36,282 - Initialized JPA EntityManagerFactory for persistence unit 'default'
2017-09-11 17:47:38,024 - Looking for @ControllerAdvice: org.springframework.boot.context.embedded.AnnotationConfigEmbeddedWebApplicationContext@6ef888f6: startup date [Mon Sep 11 17:47:20 CST 2017]; root of context hierarchy
2017-09-11 17:47:38,191 - Mapped "{[/buyer/order/create],methods=[POST]}" onto public com.imooc.vo.ResultVO<java.util.Map<java.lang.String, java.lang.String>> com.imooc.controller.BuyerOrderController.create(com.imooc.form.OrderForm,org.springframework.validation.BindingResult)
2017-09-11 17:47:38,191 - Mapped "{[/buyer/order/list],methods=[GET]}" onto public com.imooc.vo.ResultVO<java.util.List<com.imooc.dto.OrderDTO>> com.imooc.controller.BuyerOrderController.list(java.lang.String,java.lang.Integer,java.lang.Integer)
2017-09-11 17:47:38,192 - Mapped "{[/buyer/order/cancel],methods=[POST]}" onto public com.imooc.vo.ResultVO<com.imooc.dto.OrderDTO> com.imooc.controller.BuyerOrderController.cancel(java.lang.String,java.lang.String)
2017-09-11 17:47:38,192 - Mapped "{[/buyer/order/detail],methods=[GET]}" onto public com.imooc.vo.ResultVO<com.imooc.dto.OrderDTO> com.imooc.controller.BuyerOrderController.detail(java.lang.String,java.lang.String)
2017-09-11 17:47:38,192 - Mapped "{[/buyer/product/list],methods=[GET]}" onto public com.imooc.vo.ResultVO<java.util.List<com.imooc.vo.ProductVO>> com.imooc.controller.BuyerProductController.list()
2017-09-11 17:47:38,192 - Mapped "{[/token/get],methods=[GET]}" onto public java.lang.String com.imooc.controller.WxTestController.getToken()
2017-09-11 17:47:38,194 - Mapped "{[/error]}" onto public org.springframework.http.ResponseEntity<java.util.Map<java.lang.String, java.lang.Object>> org.springframework.boot.autoconfigure.web.BasicErrorController.error(javax.servlet.http.HttpServletRequest)
2017-09-11 17:47:38,194 - Mapped "{[/error],produces=[text/html]}" onto public org.springframework.web.servlet.ModelAndView org.springframework.boot.autoconfigure.web.BasicErrorController.errorHtml(javax.servlet.http.HttpServletRequest,javax.servlet.http.HttpServletResponse)
2017-09-11 17:47:38,214 - Mapped URL path [/webjars/**] onto handler of type [class org.springframework.web.servlet.resource.ResourceHttpRequestHandler]
2017-09-11 17:47:38,214 - Mapped URL path [/**] onto handler of type [class org.springframework.web.servlet.resource.ResourceHttpRequestHandler]
2017-09-11 17:47:38,288 - Mapped URL path [/**/favicon.ico] onto handler of type [class org.springframework.web.servlet.resource.ResourceHttpRequestHandler]
2017-09-11 17:47:40,320 - Registering beans for JMX exposure on startup
2017-09-11 17:47:40,591 - Initializing ProtocolHandler ["http-nio-8080"]
2017-09-11 17:47:40,677 - Starting ProtocolHandler ["http-nio-8080"]
2017-09-11 17:47:40,951 - Using a shared selector for servlet write/read
2017-09-11 17:47:41,271 - Tomcat started on port(s): 8080 (http)
2017-09-11 17:47:41,346 - Started SellApplication in 24.029 seconds (JVM running for 26.127)
2017-09-11 17:48:13,439 - Initializing Spring FrameworkServlet 'dispatcherServlet'
2017-09-11 17:48:13,439 - FrameworkServlet 'dispatcherServlet': initialization started
2017-09-11 17:48:13,472 - FrameworkServlet 'dispatcherServlet': initialization completed in 33 ms
2017-09-11 17:48:13,671 - HHH000397: Using ASTQueryTranslatorFactory
