2017-11-07 20:04:57,576 - Starting SellApplication on DESKTOP-PU1H1F5 with PID 4868 (D:\java\sell\target\classes started by 李金香 in D:\java\sell)
2017-11-07 20:04:57,581 - No active profile set, falling back to default profiles: default
2017-11-07 20:04:57,729 - Refreshing org.springframework.boot.context.embedded.AnnotationConfigEmbeddedWebApplicationContext@3e92efc3: startup date [Tue Nov 07 20:04:57 CST 2017]; root of context hierarchy
2017-11-07 20:04:58,091 - HV000001: Hibernate Validator 5.3.5.Final
2017-11-07 20:05:01,270 - Tomcat initialized with port(s): 8080 (http)
2017-11-07 20:05:01,284 - Starting service [Tomcat]
2017-11-07 20:05:01,285 - Starting Servlet Engine: Apache Tomcat/8.5.15
2017-11-07 20:05:01,441 - Initializing Spring embedded WebApplicationContext
2017-11-07 20:05:01,441 - Root WebApplicationContext: initialization completed in 3712 ms
2017-11-07 20:05:01,638 - Mapping servlet: 'dispatcherServlet' to [/]
2017-11-07 20:05:01,640 - Mapping filter: 'characterEncodingFilter' to: [/*]
2017-11-07 20:05:01,641 - Mapping filter: 'hiddenHttpMethodFilter' to: [/*]
2017-11-07 20:05:01,641 - Mapping filter: 'httpPutFormContentFilter' to: [/*]
2017-11-07 20:05:01,641 - Mapping filter: 'requestContextFilter' to: [/*]
2017-11-07 20:05:02,739 - Building JPA container EntityManagerFactory for persistence unit 'default'
2017-11-07 20:05:02,748 - HHH000204: Processing PersistenceUnitInfo [
	name: default
	...]
2017-11-07 20:05:02,873 - HHH000412: Hibernate Core {5.0.12.Final}
2017-11-07 20:05:02,873 - HHH000206: hibernate.properties not found
2017-11-07 20:05:02,874 - HHH000021: Bytecode provider name : javassist
2017-11-07 20:05:02,939 - HCANN000001: Hibernate Commons Annotations {5.0.1.Final}
2017-11-07 20:05:03,121 - HHH000400: Using dialect: org.hibernate.dialect.MySQL5Dialect
2017-11-07 20:05:03,611 - Initialized JPA EntityManagerFactory for persistence unit 'default'
2017-11-07 20:05:05,191 - Looking for @ControllerAdvice: org.springframework.boot.context.embedded.AnnotationConfigEmbeddedWebApplicationContext@3e92efc3: startup date [Tue Nov 07 20:04:57 CST 2017]; root of context hierarchy
2017-11-07 20:05:05,243 - Mapped "{[/buyer/order/create],methods=[POST]}" onto public com.imooc.vo.ResultVO<java.util.Map<java.lang.String, java.lang.String>> com.imooc.controller.BuyerOrderController.create(com.imooc.form.OrderForm,org.springframework.validation.BindingResult)
2017-11-07 20:05:05,244 - Mapped "{[/buyer/order/list],methods=[GET]}" onto public com.imooc.vo.ResultVO<java.util.List<com.imooc.dto.OrderDTO>> com.imooc.controller.BuyerOrderController.list(java.lang.String,java.lang.Integer,java.lang.Integer)
2017-11-07 20:05:05,244 - Mapped "{[/buyer/order/cancel],methods=[POST]}" onto public com.imooc.vo.ResultVO<com.imooc.dto.OrderDTO> com.imooc.controller.BuyerOrderController.cancel(java.lang.String,java.lang.String)
2017-11-07 20:05:05,244 - Mapped "{[/buyer/order/detail],methods=[GET]}" onto public com.imooc.vo.ResultVO<com.imooc.dto.OrderDTO> com.imooc.controller.BuyerOrderController.detail(java.lang.String,java.lang.String)
2017-11-07 20:05:05,245 - Mapped "{[/buyer/product/list],methods=[GET]}" onto public com.imooc.vo.ResultVO<java.util.List<com.imooc.vo.ProductVO>> com.imooc.controller.BuyerProductController.list()
2017-11-07 20:05:05,246 - Mapped "{[/wechat/userInfo],methods=[GET]}" onto public java.lang.String com.imooc.controller.WechatController.userInfo(java.lang.String,java.lang.String)
2017-11-07 20:05:05,246 - Mapped "{[/wechat/authorize],methods=[GET]}" onto public java.lang.String com.imooc.controller.WechatController.authorize(java.lang.String)
2017-11-07 20:05:05,246 - Mapped "{[/weixin/auth],methods=[GET]}" onto public void com.imooc.controller.WeixinController.auth(java.lang.String)
2017-11-07 20:05:05,247 - Mapped "{[/error]}" onto public org.springframework.http.ResponseEntity<java.util.Map<java.lang.String, java.lang.Object>> org.springframework.boot.autoconfigure.web.BasicErrorController.error(javax.servlet.http.HttpServletRequest)
2017-11-07 20:05:05,248 - Mapped "{[/error],produces=[text/html]}" onto public org.springframework.web.servlet.ModelAndView org.springframework.boot.autoconfigure.web.BasicErrorController.errorHtml(javax.servlet.http.HttpServletRequest,javax.servlet.http.HttpServletResponse)
2017-11-07 20:05:05,279 - Mapped URL path [/webjars/**] onto handler of type [class org.springframework.web.servlet.resource.ResourceHttpRequestHandler]
2017-11-07 20:05:05,279 - Mapped URL path [/**] onto handler of type [class org.springframework.web.servlet.resource.ResourceHttpRequestHandler]
2017-11-07 20:05:05,306 - Mapped URL path [/**/favicon.ico] onto handler of type [class org.springframework.web.servlet.resource.ResourceHttpRequestHandler]
2017-11-07 20:05:05,574 - Registering beans for JMX exposure on startup
2017-11-07 20:05:05,602 - Initializing ProtocolHandler ["http-nio-8080"]
2017-11-07 20:05:05,615 - Starting ProtocolHandler ["http-nio-8080"]
2017-11-07 20:05:05,639 - Using a shared selector for servlet write/read
2017-11-07 20:05:05,677 - Tomcat started on port(s): 8080 (http)
2017-11-07 20:05:05,688 - Started SellApplication in 9.253 seconds (JVM running for 11.677)
2017-11-07 20:06:18,801 - A cookie header was received [1499746243,1499824953,1499997679; Idea-10cb269a=ff61daa7-9589-43b8-894b-538283fffc08] that contained an invalid cookie. That cookie will be ignored.Note: further occurrences of this error will be logged at DEBUG level.
2017-11-07 20:06:18,820 - Initializing Spring FrameworkServlet 'dispatcherServlet'
2017-11-07 20:06:18,821 - FrameworkServlet 'dispatcherServlet': initialization started
2017-11-07 20:06:18,837 - FrameworkServlet 'dispatcherServlet': initialization completed in 16 ms
2017-11-07 20:08:15,673 - HHH000397: Using ASTQueryTranslatorFactory
